#                                                                   --- full sequence ---- --- best 1 domain ---- --- domain number estimation ----
# target name            accession  query name           accession    E-value  score  bias   E-value  score  bias   exp reg clu  ov env dom rep inc description of target
#    ------------------- ---------- -------------------- ---------- --------- ------ ----- --------- ------ -----   --- --- --- --- --- --- --- --- ---------------------
sp|Q868Z9|PPN_DROME      -          sequence_based       -           4.2e-208  666.5 168.5   2.7e-21   68.3   6.3  13.6  12   1   1  13  13  12  12 Papilin OS=Drosophila melanogaster OX=7227 GN=Ppn PE=1 SV=2
sp|O76840|PPN1_CAEEL     -          sequence_based       -           4.7e-189  605.5 146.1   8.4e-22   69.9   4.8  13.1  12   1   1  13  13  11  11 Papilin OS=Caenorhabditis elegans OX=6239 GN=mig-6 PE=1 SV=1
sp|Q02445|TFPI1_RAT      -          sequence_based       -            2.5e-73  234.8  40.4     8e-27   85.9   5.0   3.2   3   0   0   3   3   3   3 Tissue factor pathway inhibitor OS=Rattus norvegicus OX=10116 GN=Tfpi PE=2 SV=1
sp|P19761|TFPI1_RABIT    -          sequence_based       -              2e-69  222.3  37.4   6.1e-27   86.3   5.8   3.2   3   0   0   3   3   3   3 Tissue factor pathway inhibitor OS=Oryctolagus cuniculus OX=9986 GN=TFPI PE=2 SV=2
sp|P86733|KCP_HALAI      -          sequence_based       -            6.4e-51  163.1  20.2   1.2e-26   85.3   6.4   2.0   1   1   1   2   2   2   2 BPTI/Kunitz domain-containing protein (Fragment) OS=Haliotis asinina OX=109174 PE=1 SV=1
sp|W4VSH9|VKT1_TRILK     -          sequence_based       -            1.1e-48  155.9  19.7   2.3e-26   84.5   5.5   2.2   2   0   0   2   2   2   2 Kunitz-type U19-barytoxin-Tl1a OS=Trittame loki OX=1295018 PE=2 SV=2
sp|Q6T269|VKT3_BITGA     -          sequence_based       -            1.3e-48  155.7  27.1     3e-25   80.9   9.7   3.0   1   1   2   3   3   3   2 Kunitz-type serine protease inhibitor bitisilin-3 (Fragment) OS=Bitis gabonica OX=8694 PE=2 SV=1
sp|Q9WU03|SPIT2_MOUSE    -          sequence_based       -              2e-46  148.7  18.1     9e-26   82.6   2.9   2.2   2   0   0   2   2   2   2 Kunitz-type protease inhibitor 2 OS=Mus musculus OX=10090 GN=Spint2 PE=1 SV=1
sp|P00978|AMBP_BOVIN     -          sequence_based       -            4.3e-42  134.8  20.8   1.3e-22   72.5   6.6   2.4   1   1   1   2   2   2   2 Protein AMBP OS=Bos taurus OX=9913 GN=AMBP PE=1 SV=2
sp|Q60559|AMBP_MESAU     -          sequence_based       -            6.9e-42  134.2  21.5   1.2e-22   72.5   6.3   2.3   1   1   1   2   2   2   2 Protein AMBP OS=Mesocricetus auratus OX=10036 GN=AMBP PE=1 SV=1
sp|B2BS84|VKT_AUSLA      -          sequence_based       -            1.7e-41  132.9  19.1   7.7e-22   70.0   5.5   2.2   2   0   0   2   2   2   2 Putative Kunitz-type serine protease inhibitor OS=Austrelaps labialis OX=471292 PE=2 SV=1
sp|Q07456|AMBP_MOUSE     -          sequence_based       -            1.1e-40  130.4  22.5     1e-22   72.8   7.0   2.4   1   1   1   2   2   2   2 Protein AMBP OS=Mus musculus OX=10090 GN=Ambp PE=1 SV=2
sp|P04366|AMBP_PIG       -          sequence_based       -            1.9e-40  129.6  21.1   1.3e-21   69.2   6.5   2.4   1   1   1   2   2   2   2 Protein AMBP (Fragment) OS=Sus scrofa OX=9823 GN=AMBP PE=1 SV=2
sp|Q90WA1|VKT1_PSETT     -          sequence_based       -            1.5e-30   97.8   5.0   1.7e-30   97.7   5.0   1.0   1   0   0   1   1   1   1 Kunitz-type serine protease inhibitor textilinin-1 OS=Pseudonaja textilis textilis OX=169397 PE=1 SV=1
sp|P36992|AMBP_PLEPL     -          sequence_based       -            4.1e-30   96.5  16.7   4.3e-20   64.4   6.8   2.3   1   1   1   2   2   2   2 Protein AMBP (Fragment) OS=Pleuronectes platessa OX=8262 PE=2 SV=1
sp|P00975|IBPS_BOVIN     -          sequence_based       -            4.3e-30   96.4   7.6   4.9e-30   96.2   7.6   1.0   1   0   0   1   1   1   1 Serum basic protease inhibitor OS=Bos taurus OX=9913 PE=1 SV=1
sp|Q96NZ8|WFKN1_HUMAN    -          sequence_based       -            6.3e-30   95.9   4.0   3.3e-22   71.1   0.5   2.8   2   0   0   2   2   2   2 WAP, Kazal, immunoglobulin, Kunitz and NTR domain-containing protein 1 OS=Homo sapiens OX=9606 GN=WFIKKN1 PE=1 SV=1
sp|P00985|VKT2_HEMHA     -          sequence_based       -            5.2e-29   92.9   4.0   5.5e-29   92.8   4.0   1.0   1   0   0   1   1   1   1 Kunitz-type serine protease inhibitor 2 OS=Hemachatus haemachatus OX=8626 PE=1 SV=1
sp|C0HJU7|VKT2G_RADCR    -          sequence_based       -            6.6e-29   92.6   3.7   6.9e-29   92.5   3.7   1.0   1   0   0   1   1   1   1 PI-stichotoxin-Hcr2g OS=Radianthus crispa OX=3122430 PE=1 SV=1
sp|Q90W98|VKT4_PSETT     -          sequence_based       -            6.7e-29   92.6   6.7   7.6e-29   92.4   6.7   1.0   1   0   0   1   1   1   1 Kunitz-type serine protease inhibitor textilinin-4 OS=Pseudonaja textilis textilis OX=169397 PE=2 SV=1
sp|P0DN06|VKT1A_ANEVI    -          sequence_based       -            1.1e-28   91.9   4.5   1.5e-28   91.5   4.5   1.1   1   0   0   1   1   1   1 U-actitoxin-Avd3f OS=Anemonia viridis OX=51769 PE=3 SV=1
sp|F8J2F5|VKT87_DRYCN    -          sequence_based       -            1.8e-28   91.2   5.9   2.1e-28   91.0   5.9   1.0   1   0   0   1   1   1   1 Kunitz-type serine protease inhibitor 87 OS=Drysdalia coronoides OX=66186 PE=1 SV=1
sp|Q6T6S5|VKT2_BITGA     -          sequence_based       -            1.8e-28   91.2  11.1   2.2e-28   90.9  11.1   1.1   1   0   0   1   1   1   1 Kunitz-type serine protease inhibitor bitisilin-2 OS=Bitis gabonica OX=8694 PE=1 SV=1
sp|P81129|VKT2_STIHL     -          sequence_based       -            2.1e-28   91.0   8.3   2.2e-28   90.9   8.3   1.0   1   0   0   1   1   1   1 PI-stichotoxin-She2b OS=Stichodactyla helianthus OX=6123 PE=1 SV=1
sp|B5L5R7|VKT2_HOPST     -          sequence_based       -            2.1e-28   91.0   8.0   2.4e-28   90.8   8.0   1.0   1   0   0   1   1   1   1 Kunitz-type serine protease inhibitor stephenin-2 OS=Hoplocephalus stephensii OX=196418 PE=3 SV=1
sp|C0HK73|3BPI_HETMG     -          sequence_based       -            2.2e-28   90.9   2.9   2.3e-28   90.9   2.9   1.0   1   0   0   1   1   1   1 PI-stichotoxin-Hmg3b OS=Heteractis magnifica OX=38281 PE=1 SV=1
sp|B6RLX2|VKTCT_OPHHA    -          sequence_based       -            2.4e-28   90.8   6.6   2.7e-28   90.6   6.6   1.0   1   0   0   1   1   1   1 Kunitz-type serine protease inhibitor TCI OS=Ophiophagus hannah OX=8665 PE=1 SV=1
sp|P00991|VKT1_VIPAA     -          sequence_based       -            2.6e-28   90.7   7.9   3.3e-28   90.4   7.9   1.1   1   0   0   1   1   1   1 Kunitz-type serine protease inhibitor 1 OS=Vipera ammodytes ammodytes OX=8705 PE=1 SV=2
sp|B5L5M7|IVBI_AUSSU     -          sequence_based       -            3.4e-28   90.3   9.2   3.8e-28   90.2   9.2   1.0   1   0   0   1   1   1   1 Kunitz/BPTI-like toxin OS=Austrelaps superbus OX=29156 PE=3 SV=1
sp|Q964Q0|IXOSP_IXOSC    -          sequence_based       -            3.4e-28   90.3  13.0   6.2e-23   73.5   2.6   2.3   2   0   0   2   2   2   2 Ixolaris OS=Ixodes scapularis OX=6945 PE=1 SV=1
sp|C1IC52|VKT2_WALAE     -          sequence_based       -              1e-27   88.8   5.2   1.2e-27   88.6   5.2   1.1   1   0   0   1   1   1   1 Kunitz-type serine protease inhibitor spermatin OS=Walterinnesia aegyptia OX=64182 PE=1 SV=1
sp|P00994|ISIK_HELPO     -          sequence_based       -              1e-27   88.8   9.7   1.1e-27   88.7   9.7   1.0   1   0   0   1   1   1   1 Isoinhibitor K OS=Helix pomatia OX=6536 PE=1 SV=1
sp|B5KL38|VKT1_AUSSU     -          sequence_based       -            1.6e-27   88.2   5.4   1.8e-27   88.0   5.4   1.0   1   0   0   1   1   1   1 Kunitz-type serine protease inhibitor superbin-1 OS=Austrelaps superbus OX=29156 PE=2 SV=1
sp|P81902|CSTI_BOMMO     -          sequence_based       -            1.7e-27   88.1   2.7   1.8e-27   88.0   2.7   1.0   1   0   0   1   1   1   1 Trypsin inhibitor OS=Bombyx mori OX=7091 PE=1 SV=1
sp|B2G331|VKT2B_RADCR    -          sequence_based       -            1.8e-27   88.0   5.1   2.2e-27   87.7   5.1   1.1   1   0   0   1   1   1   1 TauPI-stichotoxin-Hcr2b OS=Radianthus crispa OX=3122430 PE=1 SV=1
sp|A8Y7N7|VKTC4_DABSI    -          sequence_based       -            2.4e-27   87.6   7.3   2.9e-27   87.3   7.3   1.1   1   0   0   1   1   1   1 Kunitz-type serine protease inhibitor C4 OS=Daboia siamensis OX=343250 PE=2 SV=1
sp|P0DKL8|VKT_VIPRE      -          sequence_based       -            2.9e-27   87.4   7.7   3.3e-27   87.2   7.7   1.0   1   0   0   1   1   1   1 Kunitz-type serine protease inhibitor Vur-KIn OS=Vipera renardi OX=927686 PE=1 SV=1
sp|E7FL12|VKT2_PSERS     -          sequence_based       -            3.4e-27   87.1   5.1   3.9e-27   86.9   5.1   1.0   1   0   0   1   1   1   1 Kunitz serine protease inhibitor Pr-mulgin 2 OS=Pseudechis rossignolii OX=1489342 PE=2 SV=1
sp|E5AJX3|VKT_VIPNI      -          sequence_based       -              5e-27   86.6   8.8   6.2e-27   86.3   8.8   1.1   1   0   0   1   1   1   1 Kunitz-type serine protease inhibitor ki-VN OS=Vipera nikolskii OX=1808362 PE=2 SV=1
sp|A6MFL3|VKT3_DEMVE     -          sequence_based       -            5.5e-27   86.5   4.4   6.2e-27   86.3   4.4   1.0   1   0   0   1   1   1   1 Kunitz-type serine protease inhibitor vestiginin-3 OS=Demansia vestigiata OX=412038 PE=1 SV=1
sp|P00976|IBPC_BOVIN     -          sequence_based       -            5.9e-27   86.3   2.4     7e-27   86.1   2.4   1.0   1   0   0   1   1   1   1 Colostrum trypsin inhibitor OS=Bos taurus OX=9913 PE=1 SV=2
sp|Q8T3S7|VKT1_ARAVE     -          sequence_based       -            7.8e-27   86.0   5.6   1.2e-26   85.4   5.6   1.3   1   0   0   1   1   1   1 Kunitz-type U1-aranetoxin-Av1a OS=Araneus ventricosus OX=182803 PE=1 SV=2
sp|B1B5I8|VKT3_STIHA     -          sequence_based       -            9.1e-27   85.8   5.1   1.2e-26   85.4   5.1   1.1   1   0   0   1   1   1   1 KappaPI-stichotoxin-Shd2a OS=Stichodactyla haddoni OX=475174 PE=1 SV=1
sp|B2KTG1|VKT_BUNFA      -          sequence_based       -            1.4e-26   85.2   7.4   1.6e-26   84.9   7.4   1.0   1   0   0   1   1   1   1 Kunitz-type serine protease inhibitor bungaruskunin OS=Bungarus fasciatus OX=8613 PE=1 SV=1
sp|H6VC06|VKTK2_DABRR    -          sequence_based       -            1.9e-26   84.8   6.6   2.1e-26   84.6   6.6   1.0   1   0   0   1   1   1   1 Kunitz-type serine protease inhibitor DrKIn-II OS=Daboia russelii OX=8707 PE=1 SV=1
sp|A5X2X1|VKT_SISCA      -          sequence_based       -            2.2e-26   84.5   9.0   2.2e-26   84.5   9.0   1.6   2   0   0   2   2   1   1 Fused toxin protein OS=Sistrurus catenatus edwardsii OX=8762 PE=2 SV=1
sp|B5KL32|VKT3_NOTSC     -          sequence_based       -            3.1e-26   84.1   7.5   3.5e-26   83.9   7.5   1.0   1   0   0   1   1   1   1 Kunitz-type serine protease inhibitor tigerin-3 OS=Notechis scutatus scutatus OX=70142 PE=2 SV=1
sp|A8Y7P5|VKTB5_DABSI    -          sequence_based       -            3.4e-26   83.9   6.3   4.2e-26   83.6   6.3   1.1   1   0   0   1   1   1   1 Kunitz-type serine protease inhibitor B5 OS=Daboia siamensis OX=343250 PE=2 SV=1
sp|P00979|VKTH1_DENPO    -          sequence_based       -            3.7e-26   83.8   6.9   4.2e-26   83.6   6.9   1.0   1   0   0   1   1   1   1 Kunitz-type serine protease inhibitor homolog dendrotoxin I OS=Dendroaspis polylepis polylepis OX=8620 PE=1 SV=2
sp|I2G9B4|VKT_MACLN      -          sequence_based       -            3.8e-26   83.8   9.6   4.7e-26   83.5   9.6   1.1   1   0   0   1   1   1   1 Kunitz-type serine protease inhibitor PIVL OS=Macrovipera lebetina transmediterranea OX=384075 PE=1 SV=1
sp|Q29428|TKDP1_SHEEP    -          sequence_based       -            5.1e-26   83.4   5.7   8.9e-26   82.6   5.7   1.4   1   0   0   1   1   1   1 Trophoblast Kunitz domain protein 1 OS=Ovis aries OX=9940 GN=TKDP1 PE=2 SV=1
sp|F8J2F6|VKT18_DRYCN    -          sequence_based       -            5.3e-26   83.3   5.7     6e-26   83.1   5.7   1.0   1   0   0   1   1   1   1 Kunitz-type serine protease inhibitor 18 OS=Drysdalia coronoides OX=66186 PE=1 SV=1
sp|A7X3V4|VKT1_TELDH     -          sequence_based       -            5.5e-26   83.3  10.4     7e-26   82.9  10.4   1.1   1   0   0   1   1   1   1 Kunitz-type serine protease inhibitor kunitoxin-Tel1 OS=Telescopus dhara OX=338837 PE=2 SV=1
sp|H2A0N1|KCP2_PINMG     -          sequence_based       -            7.9e-26   82.7  17.5   1.6e-14   46.5   5.0   2.2   2   0   0   2   2   2   2 BPTI/Kunitz domain-containing protein 2 OS=Margaritifera margaritifera OX=102329 PE=1 SV=1
sp|P0DMJ3|VKTI1_ANTFU    -          sequence_based       -            1.2e-25   82.1   7.7   1.3e-25   82.1   7.7   1.0   1   0   0   1   1   1   1 PI-actitoxin-Afv2a OS=Anthopleura fuscoviridis OX=6111 PE=1 SV=1
sp|P0C1X2|VKTS1_CONST    -          sequence_based       -            1.9e-25   81.5   2.8   2.4e-25   81.2   2.8   1.2   1   0   0   1   1   1   1 Kunitz-type conkunitzin-S1 OS=Conus striatus OX=6493 PE=1 SV=1
sp|P0DJ50|VKT31_OLIMR    -          sequence_based       -            2.3e-25   81.3  10.5   2.8e-25   81.0  10.5   1.1   1   0   0   1   1   1   1 Kunitz-type serine protease inhibitor BmKTT-2 OS=Olivierus martensii OX=34649 PE=1 SV=2
sp|P0DQQ9|VKT1_PALCA     -          sequence_based       -            2.5e-25   81.1   9.4   2.7e-25   81.0   9.4   1.0   1   0   0   1   1   1   1 Kunitz-like toxin PcKuz1 OS=Palythoa caribaeorum OX=134933 PE=3 SV=1
sp|B5KL27|VKT3_OXYMI     -          sequence_based       -              3e-25   80.9   3.9   3.3e-25   80.7   3.9   1.0   1   0   0   1   1   1   1 Kunitz-type serine protease inhibitor microlepidin-3 OS=Oxyuranus microlepidotus OX=111177 PE=2 SV=1
sp|Q8AY42|VKTB_BUNCA     -          sequence_based       -            3.4e-25   80.7   9.4     4e-25   80.5   9.4   1.1   1   0   0   1   1   1   1 Kunitz-type serine protease inhibitor B OS=Bungarus candidus OX=92438 PE=2 SV=2
sp|C1IBY4|KUN1_TABYA     -          sequence_based       -            3.6e-25   80.6   9.4   4.1e-25   80.5   9.4   1.1   1   0   0   1   1   1   1 Tabkunin 1 OS=Tabanus yao OX=485572 PE=3 SV=1
sp|P0C8W3|VKT11_HOFGE    -          sequence_based       -            3.9e-25   80.5   7.3   5.1e-25   80.2   7.3   1.1   1   0   0   1   1   1   1 Kunitz-type serine protease inhibitor Hg1 OS=Hoffmannihadrurus gertschi OX=380989 PE=1 SV=1
sp|P81162|CRPTI_RHIMP    -          sequence_based       -              4e-25   80.5   5.6   4.9e-25   80.2   5.6   1.1   1   0   0   1   1   1   1 Protease inhibitor carrapatin OS=Rhipicephalus microplus OX=6941 PE=1 SV=1
sp|B4ESA4|VKT3L_BUNMU    -          sequence_based       -            4.8e-25   80.2  10.3   5.4e-25   80.1  10.3   1.0   1   0   0   1   1   1   1 Kunitz-type serine protease inhibitor PILP-3 OS=Bungarus multicinctus OX=8616 PE=3 SV=1
sp|Q29100|UPTI_PIG       -          sequence_based       -              1e-24   79.2   8.3     1e-24   79.2   8.3   1.5   1   1   1   2   2   1   1 Uterine plasmin/trypsin inhibitor OS=Sus scrofa OX=9823 PE=1 SV=1
sp|Q5ZPJ7|VKT_NAJAT      -          sequence_based       -            1.1e-24   79.1   9.4   1.2e-24   78.9   9.4   1.0   1   0   0   1   1   1   1 Kunitz-type serine protease inhibitor NACI OS=Naja atra OX=8656 PE=1 SV=1
sp|P0DQR1|VKT3_PALCA     -          sequence_based       -            1.5e-24   78.7   7.2   1.6e-24   78.6   7.2   1.0   1   0   0   1   1   1   1 Kunitz-like toxin PcKuz3 OS=Palythoa caribaeorum OX=134933 PE=3 SV=1
sp|P81548|VKT2_ANTAF     -          sequence_based       -            1.5e-24   78.7   9.0   1.7e-24   78.5   9.0   1.0   1   0   0   1   1   1   1 PI-actitoxin-Axm2b OS=Anthopleura aff. xanthogrammica OX=152178 PE=1 SV=1
sp|P15989|CO6A3_CHICK    -          sequence_based       -            3.5e-24   77.5   4.4   8.7e-24   76.2   4.4   1.7   1   0   0   1   1   1   1 Collagen alpha-3(VI) chain OS=Gallus gallus OX=9031 GN=COL6A3 PE=2 SV=2
sp|P82966|VKTCI_OPHHA    -          sequence_based       -            3.7e-24   77.4   5.4   4.1e-24   77.2   5.4   1.0   1   0   0   1   1   1   1 Kunitz-type serine protease inhibitor OS=Ophiophagus hannah OX=8665 PE=1 SV=2
sp|G9I929|VKTA_MICTN     -          sequence_based       -            4.1e-24   77.2   8.6   4.9e-24   77.0   8.6   1.1   1   0   0   1   1   1   1 Kunitz-type neurotoxin MitTx-alpha OS=Micrurus tener tener OX=1114302 PE=1 SV=1
sp|B2KTG3|VKTH2_BUNFA    -          sequence_based       -            5.9e-24   76.8  10.0   6.8e-24   76.5  10.0   1.0   1   0   0   1   1   1   1 Kunitz-type serine protease inhibitor homolog beta-bungarotoxin BF B2 chain OS=Bungarus fasciatus OX=8613 PE=2 SV=1
sp|Q7T2Q6|VKTHB_BUNFL    -          sequence_based       -            6.4e-24   76.6   9.0   7.2e-24   76.5   9.0   1.0   1   0   0   1   1   1   1 Kunitz-type serine protease inhibitor homolog beta-bungarotoxin B chain OS=Bungarus flaviceps flaviceps OX=8615 PE=1 SV=1
sp|P82968|MCPI_MELCP     -          sequence_based       -            6.9e-24   76.5   8.3   6.9e-24   76.5   8.3   2.3   3   0   0   3   3   1   1 Four-domain proteases inhibitor OS=Melithaea caledonica OX=156534 PE=1 SV=1
sp|O95925|EPPI_HUMAN     -          sequence_based       -            7.7e-24   76.4   7.6   2.1e-23   75.0   7.6   1.7   1   0   0   1   1   1   1 Eppin OS=Homo sapiens OX=9606 GN=EPPIN PE=1 SV=1
sp|D8KY58|VKT_BOMTE      -          sequence_based       -            1.1e-23   75.9   4.9   1.4e-23   75.5   4.9   1.1   1   0   0   1   1   1   1 Kunitz-type serine protease inhibitor Bt-KTI OS=Bombus terrestris OX=30195 PE=3 SV=1
sp|Q4KUS1|WFDC8_MOUSE    -          sequence_based       -            1.2e-23   75.8   6.5   2.3e-23   74.9   4.6   2.6   2   1   1   3   3   1   1 WAP four-disulfide core domain protein 8 OS=Mus musculus OX=10090 GN=Wfdc8 PE=2 SV=1
sp|P16044|IBPI_TACTR     -          sequence_based       -            2.4e-23   74.8   7.5   2.8e-23   74.6   7.5   1.0   1   0   0   1   1   1   1 Proteinase inhibitor OS=Tachypleus tridentatus OX=6853 PE=1 SV=1
sp|Q0PL65|VKTH7_BUNMU    -          sequence_based       -            2.5e-23   74.7  11.3   2.8e-23   74.6  11.3   1.0   1   0   0   1   1   1   1 Kunitz-type serine protease inhibitor homolog beta-bungarotoxin B5-B chain OS=Bungarus multicinctus OX=8616 PE=2 SV=1
sp|Q589G4|VKT19_ANOSM    -          sequence_based       -            2.1e-22   71.8   2.5   2.4e-22   71.6   2.5   1.0   1   0   0   1   1   1   1 Kunitz-type serine protease inhibitor As-fr-19 OS=Anoplius samariensis OX=200614 PE=1 SV=1
sp|P26227|HTIB_MANSE     -          sequence_based       -            2.2e-22   71.7   3.1   2.3e-22   71.7   3.1   1.0   1   0   0   1   1   1   1 Hemolymph trypsin inhibitor B (Fragment) OS=Manduca sexta OX=7130 PE=1 SV=1
sp|P68425|VKT1A_CYRSC    -          sequence_based       -            3.2e-22   71.2   7.7   4.2e-22   70.8   7.7   1.1   1   0   0   1   1   1   1 Kunitz-type kappaPI-theraphotoxin-Hs1a OS=Cyriopagopus schmidti OX=29017 PE=1 SV=2
sp|Q1RPS9|VKTH5_BUNMU    -          sequence_based       -            6.5e-22   70.2  10.7   7.8e-22   69.9  10.7   1.1   1   0   0   1   1   1   1 Kunitz-type serine protease inhibitor homolog beta-bungarotoxin B5 chain OS=Bungarus multicinctus OX=8616 PE=3 SV=1
sp|P0DJ47|VKT12_OLIMR    -          sequence_based       -            1.1e-21   69.5  11.3   1.3e-21   69.2  11.3   1.0   1   0   0   1   1   1   1 Kunitz-type serine protease inhibitor BmKTT-3 OS=Olivierus martensii OX=34649 PE=3 SV=1
sp|P10832|ISC2_BOMMO     -          sequence_based       -            1.5e-21   69.0   8.1   1.6e-21   68.9   8.1   1.1   1   0   0   1   1   1   1 Chymotrypsin inhibitor SCI-II OS=Bombyx mori OX=7091 PE=1 SV=1
sp|Q9EPX2|PPN_MOUSE      -          sequence_based       -            1.9e-21   68.7   6.0   9.1e-21   66.5   6.0   2.2   1   0   0   1   1   1   1 Papilin OS=Mus musculus OX=10090 GN=Papln PE=2 SV=2
sp|H2A0N9|KCP4_PINMG     -          sequence_based       -            3.7e-21   67.8  11.9   3.7e-21   67.8  11.9   2.3   2   0   0   2   2   1   1 BPTI/Kunitz domain-containing protein 4 OS=Margaritifera margaritifera OX=102329 PE=1 SV=1
sp|P00987|VKTH1_BUNMU    -          sequence_based       -            4.9e-20   64.2   8.4   6.2e-20   63.9   8.4   1.1   1   0   0   1   1   1   1 Kunitz-type serine protease inhibitor homolog beta-bungarotoxin B1 chain, major component OS=Bungarus multicinctus OX=8616 PE=1 SV=2
sp|D2Y2Q6|VKTO1_CYRHA    -          sequence_based       -            2.4e-19   62.0   4.1   3.1e-19   61.6   4.1   1.1   1   0   0   1   1   1   1 Kunitz-type U15-theraphotoxin-Hhn1o OS=Cyriopagopus hainanus OX=2781057 PE=3 SV=1
sp|B4ESA2|VKT1L_BUNMU    -          sequence_based       -            2.5e-19   62.0   5.8   2.7e-19   61.8   5.8   1.0   1   0   0   1   1   1   1 Kunitz-type serine protease inhibitor PILP-1 OS=Bungarus multicinctus OX=8616 PE=3 SV=1
sp|Q63870|CO7A1_MOUSE    -          sequence_based       -            5.1e-19   60.9   1.0   9.2e-19   60.1   1.0   1.3   1   0   0   1   1   1   1 Collagen alpha-1(VII) chain OS=Mus musculus OX=10090 GN=Col7a1 PE=1 SV=3
sp|P0DJ69|VKT52_CYRHA    -          sequence_based       -            6.6e-19   60.6   4.4   8.4e-19   60.2   4.4   1.1   1   0   0   1   1   1   1 Kunitz-type serine protease inhibitor HNTX-852 (Fragment) OS=Cyriopagopus hainanus OX=2781057 PE=2 SV=1
sp|Q2UY09|COSA1_HUMAN    -          sequence_based       -            1.3e-18   59.6   6.6   2.6e-18   58.7   6.6   1.4   1   0   0   1   1   1   1 Collagen alpha-1(XXVIII) chain OS=Homo sapiens OX=9606 GN=COL28A1 PE=1 SV=2
sp|C0HLB0|MAMB9_DENVI    -          sequence_based       -            1.7e-18   59.3   9.5   1.8e-18   59.2   9.5   1.0   1   0   0   1   1   1   1 Mambaquaretin-9 OS=Dendroaspis viridis OX=8621 PE=1 SV=1
sp|Q6UDR6|SPIT4_HUMAN    -          sequence_based       -            6.1e-18   57.5   5.0   8.4e-18   57.0   5.0   1.2   1   0   0   1   1   1   1 Kunitz-type protease inhibitor 4 OS=Homo sapiens OX=9606 GN=SPINT4 PE=1 SV=1
sp|Q8MVC4|TFPIL_IXOSC    -          sequence_based       -            1.5e-16   53.0  38.0   2.2e-08   26.9   0.8   6.2   3   2   2   5   5   4   3 Penthalaris OS=Ixodes scapularis OX=6945 PE=1 SV=1
sp|I6VXS1|KUN2_RHIHE     -          sequence_based       -              3e-15   48.9  12.9   7.1e-15   47.7   9.7   2.6   2   0   0   2   2   2   1 Anticoagulant protein rhipilin-2 OS=Rhipicephalus haemaphysaloides OX=237073 PE=2 SV=1
sp|Q2ES49|VKT2_DABRR     -          sequence_based       -              6e-14   44.7   6.3   7.7e-14   44.4   6.3   1.1   1   0   0   1   1   1   1 Kunitz-type serine protease inhibitor 2 OS=Daboia russelii OX=8707 PE=2 SV=1
sp|P0CAR0|VKTG1_MICPY    -          sequence_based       -            7.2e-13   41.2   1.0   7.3e-13   41.2   1.0   1.0   1   0   0   1   1   1   1 Kunitz-type serine protease inhibitor G1 (Fragment) OS=Micrurus pyrrhocryptus OX=129468 PE=1 SV=1
sp|D9IFL3|KUN1_RHIHE     -          sequence_based       -            3.2e-12   39.2   5.1   5.8e-12   38.3   5.1   1.4   1   0   0   1   1   1   1 Anticoagulant protein rhipilin-1 OS=Rhipicephalus haemaphysaloides OX=237073 PE=2 SV=1
sp|Q9BQY6|WFDC6_HUMAN    -          sequence_based       -            1.1e-11   37.4   2.5   1.1e-11   37.4   2.5   1.7   2   0   0   2   2   1   1 WAP four-disulfide core domain protein 6 OS=Homo sapiens OX=9606 GN=WFDC6 PE=1 SV=1
sp|P86963|KCP2_PINMA     -          sequence_based       -            3.2e-08   26.4  14.2   8.3e-08   25.0   9.7   3.2   2   1   1   3   3   2   1 BPTI/Kunitz domain-containing protein 2 OS=Pinctada maxima OX=104660 PE=1 SV=1
sp|O62247|BLI5_CAEEL     -          sequence_based       -            2.3e-05   17.2   0.4   9.2e-05   15.3   0.4   2.1   1   0   0   1   1   1   1 Kunitz-type protein bli-5 OS=Caenorhabditis elegans OX=6239 GN=bli-5 PE=1 SV=1
sp|A0A1Q1NL17|HA11_HYAAI -          sequence_based       -            2.6e-05   17.1   5.8   6.2e-05   15.8   5.8   1.6   1   1   0   1   1   1   1 Kunitz-type anticoagulant protein HA11 OS=Hyalomma asiaticum OX=266040 GN=HA11 PE=2 SV=1
#
# Program:         hmmsearch
# Version:         3.4 (Aug 2023)
# Pipeline mode:   SEARCH
# Query file:      Data/Processed/sequence_based.hmm
# Target file:     Data/Processed/pos_2.fasta
# Option settings: hmmsearch --tblout Data/Processed/seq_pos_2.out --noali -E 10 --cpu 4 Data/Processed/sequence_based.hmm Data/Processed/pos_2.fasta 
# Current dir:     /Users/negin/Downloads
# Date:            Sat Apr 18 02:06:02 2026
# [ok]
