#                                                                --- full sequence ---- --- best 1 domain ---- --- domain number estimation ----
# target name         accession  query name           accession    E-value  score  bias   E-value  score  bias   exp reg clu  ov env dom rep inc description of target
# ------------------- ---------- -------------------- ---------- --------- ------ ----- --------- ------ -----   --- --- --- --- --- --- --- --- ---------------------
sp|P0DJ63|VKT_OXYMI   -          sequence_based       -              0.011   19.7   0.2     0.011   19.7   0.2   1.0   1   0   0   1   1   1   0 Kunitz-type serine protease inhibitor OMI (Fragment) OS=Oxyuranus microlepidotus OX=111177 PE=1 SV=1
sp|P83605|BMTI4_RHIMP -          sequence_based       -              0.012   19.5   0.4     0.012   19.5   0.4   1.0   1   0   0   1   1   1   0 Kunitz-type serine protease inhibitor 4 (Fragment) OS=Rhipicephalus microplus OX=6941 PE=1 SV=1
sp|P85040|VKTC9_DABSI -          sequence_based       -              0.079   16.9   0.1     0.079   16.9   0.1   1.0   1   0   0   1   1   1   0 Kunitz-type serine protease inhibitor C9 (Fragment) OS=Daboia siamensis OX=343250 PE=1 SV=1
sp|Q09JW4|KUNP1_ARGMO -          sequence_based       -              0.088   16.7   4.0      0.19   15.6   4.0   1.7   1   1   0   1   1   1   0 Monogrin 1 OS=Argas monolakensis OX=34602 GN=AM-30A PE=1 SV=1
sp|P84556|TIS5_RHISA  -          sequence_based       -               0.16   15.9   0.1      0.17   15.8   0.1   1.1   1   0   0   1   1   1   0 Kunitz-type serine protease inhibitor RsTIS5 (Fragment) OS=Rhipicephalus sanguineus OX=34632 PE=1 SV=1
sp|C5H8E7|TICK1_RHIAP -          sequence_based       -                0.2   15.6   3.2       0.2   15.6   3.2   1.7   1   1   1   2   2   2   0 R.appendiculatus Kunitz/BPTI-like protein OS=Rhipicephalus appendiculatus OX=34631 PE=1 SV=1
sp|P0DM47|VKT_MICAT   -          sequence_based       -                0.7   13.9   0.3       0.7   13.9   0.3   1.0   1   0   0   1   1   1   0 Protease inhibitor (Fragment) OS=Micrurus altirostris OX=129457 PE=1 SV=1
sp|P0DV02|VKT2L_RADCR -          sequence_based       -               0.88   13.5   0.1      0.88   13.5   0.1   1.0   1   0   0   1   1   1   0 PI-stichotoxin-Hcr2l (Fragment) OS=Radianthus crispa OX=3122430 PE=1 SV=1
sp|P71089|YGAJ_BACSU  -          sequence_based       -                1.2   13.2   0.1         2   12.4   0.1   1.3   1   0   0   1   1   1   0 Uncharacterized peptidase YgaJ OS=Bacillus subtilis (strain 168) OX=224308 GN=ygaJ PE=3 SV=2
sp|C0HMD5|HAEM_HAELO  -          sequence_based       -                8.6   10.4  16.8   2.4e+02    5.7   5.6   3.9   1   1   1   2   2   2   0 Haemaphysalin OS=Haemaphysalis longicornis OX=44386 PE=1 SV=1
#
# Program:         hmmsearch
# Version:         3.4 (Aug 2023)
# Pipeline mode:   SEARCH
# Query file:      Data/Processed/sequence_based.hmm
# Target file:     Data/Processed/neg_1.fasta
# Option settings: hmmsearch --tblout Data/Processed/seq_neg_1.out --noali -E 10 --cpu 4 Data/Processed/sequence_based.hmm Data/Processed/neg_1.fasta 
# Current dir:     /Users/negin/Downloads
# Date:            Sat Apr 18 02:06:03 2026
# [ok]
