#                                                                    --- full sequence ---- --- best 1 domain ---- --- domain number estimation ----
# target name             accession  query name           accession    E-value  score  bias   E-value  score  bias   exp reg clu  ov env dom rep inc description of target
#     ------------------- ---------- -------------------- ---------- --------- ------ ----- --------- ------ -----   --- --- --- --- --- --- --- --- ---------------------
sp|A0A6P8HC43|ATPI1_ACTTE -          sequence_based       -           6.4e-100  320.0  64.5   5.8e-28   89.6   9.7   4.1   4   0   0   4   4   4   4 Actinia tenebrosa protease inhibitors OS=Actinia tenebrosa OX=6105 PE=1 SV=1
sp|O54819|TFPI1_MOUSE     -          sequence_based       -            2.9e-71  228.3  38.3   6.8e-27   86.2   5.4   3.1   3   0   0   3   3   3   3 Tissue factor pathway inhibitor OS=Mus musculus OX=10090 GN=Tfpi PE=2 SV=1
sp|P84875|PCPI_SABMA      -          sequence_based       -            1.5e-68  219.6  36.4   1.1e-24   79.1   6.3   3.0   2   1   1   3   3   3   3 Carboxypeptidase inhibitor SmCI OS=Sabellastarte magnifica OX=389514 PE=1 SV=1
sp|P83606|BMTI6_RHIMP     -          sequence_based       -            2.6e-65  209.2  41.5   7.7e-24   76.4   8.1   3.1   3   0   0   3   3   3   3 Kunitz-type serine protease inhibitor 6 (Fragment) OS=Rhipicephalus microplus OX=6941 PE=1 SV=2
sp|Q03610|YN81_CAEEL      -          sequence_based       -            2.9e-63  202.7  64.7   8.6e-19   60.2   8.7   6.0   5   0   0   5   5   5   5 Uncharacterized protein ZC84.1 OS=Caenorhabditis elegans OX=6239 GN=ZC84.1 PE=3 SV=6
sp|Q7YRQ8|TFPI2_BOVIN     -          sequence_based       -              1e-60  194.5  34.3   4.2e-28   90.1   5.7   3.1   3   0   0   3   3   3   3 Tissue factor pathway inhibitor 2 OS=Bos taurus OX=9913 GN=TFPI2 PE=2 SV=1
sp|O35536|TFPI2_MOUSE     -          sequence_based       -            6.4e-51  163.1  25.8   5.4e-25   80.1   3.2   3.1   3   0   0   3   3   3   3 Tissue factor pathway inhibitor 2 OS=Mus musculus OX=10090 GN=Tfpi2 PE=2 SV=1
sp|Q8WPI2|KUNIH_RHIMP     -          sequence_based       -            4.5e-48  154.0  23.1   3.2e-27   87.2   7.6   2.1   2   0   0   2   2   2   2 Boophilin-H2 OS=Rhipicephalus microplus OX=6941 PE=1 SV=1
sp|B6ZIW0|KUN_HAELO       -          sequence_based       -            2.4e-47  151.7  27.4   6.5e-28   89.4   7.9   2.1   2   0   0   2   2   2   2 Thrombin inhibitor hemalin OS=Haemaphysalis longicornis OX=44386 PE=2 SV=1
sp|P04365|IATR_HORSE      -          sequence_based       -            8.2e-45  143.6  19.4   4.7e-24   77.1   5.9   2.0   1   1   1   2   2   2   2 Inter-alpha-trypsin inhibitor (Fragment) OS=Equus caballus OX=9796 PE=1 SV=2
sp|Q5VJG2|KUNI_AMBHE      -          sequence_based       -            5.3e-44  141.0  24.6   2.1e-24   78.2   7.5   2.2   2   0   0   2   2   2   2 Amblin OS=Amblyomma hebraeum OX=34608 PE=1 SV=1
sp|Q9R097|SPIT1_MOUSE     -          sequence_based       -            2.6e-42  135.6  23.9   1.7e-23   75.3   5.6   2.6   2   0   0   2   2   2   2 Kunitz-type protease inhibitor 1 OS=Mus musculus OX=10090 GN=Spint1 PE=1 SV=2
sp|P62756|IATR_CAPHI      -          sequence_based       -            4.1e-42  134.9  22.8   1.9e-23   75.2   5.4   2.0   1   1   1   2   2   2   2 Inter-alpha-trypsin inhibitor (Fragment) OS=Capra hircus OX=9925 PE=1 SV=1
sp|Q62577|AMBP_MERUN      -          sequence_based       -            2.5e-41  132.4  20.6   8.3e-23   73.1   7.4   2.3   1   1   1   2   2   2   2 Protein AMBP OS=Meriones unguiculatus OX=10047 GN=AMBP PE=2 SV=1
sp|Q64240|AMBP_RAT        -          sequence_based       -              3e-40  129.0  23.7   2.4e-22   71.6   6.8   2.3   1   1   1   2   2   2   2 Protein AMBP OS=Rattus norvegicus OX=10116 GN=Ambp PE=1 SV=1
sp|P83609|BMTIA_RHIMP     -          sequence_based       -            4.3e-40  128.5  18.1     3e-22   71.3   2.3   2.0   2   0   0   2   2   2   2 Kunitz-type serine protease inhibitor A (Fragment) OS=Rhipicephalus microplus OX=6941 PE=1 SV=2
sp|Q8TEU8|WFKN2_HUMAN     -          sequence_based       -            1.6e-35  113.8  25.2   3.5e-24   77.5   6.2   3.4   3   1   0   3   3   2   2 WAP, Kazal, immunoglobulin, Kunitz and NTR domain-containing protein 2 OS=Homo sapiens OX=9606 GN=WFIKKN2 PE=1 SV=1
sp|Q6NUX0|WFKN_DANRE      -          sequence_based       -              1e-34  111.2  17.1   2.7e-21   68.2   4.1   2.8   1   1   1   2   2   2   2 WAP, Kazal, immunoglobulin, Kunitz and NTR domain-containing protein OS=Danio rerio OX=7955 GN=wfikkn PE=2 SV=1
sp|A0A1D0BND9|TD1A_HADIN  -          sequence_based       -            3.5e-31   99.9  21.7   1.4e-16   53.2  10.9   2.1   2   0   0   2   2   2   2 U13-hexatoxin-Hi1a OS=Hadronyche infensa OX=153481 PE=2 SV=1
sp|Q6T6T5|VKT1_BITGA      -          sequence_based       -            6.9e-30   95.8   8.5   8.4e-30   95.5   8.5   1.1   1   0   0   1   1   1   1 Kunitz-type serine protease inhibitor bitisilin-1 OS=Bitis gabonica OX=8694 PE=1 SV=1
sp|C0HLB2|VKT_PSEPC       -          sequence_based       -            1.6e-29   94.6   6.5   1.9e-29   94.4   6.5   1.0   1   0   0   1   1   1   1 Kunitz-type serine protease inhibitor PPTI OS=Pseudocerastes persicus OX=47769 PE=1 SV=1
sp|B5KL39|VKT2_AUSSU      -          sequence_based       -            4.5e-29   93.1   5.1   5.1e-29   93.0   5.1   1.0   1   0   0   1   1   1   1 Kunitz-type serine protease inhibitor superbin-2 OS=Austrelaps superbus OX=29156 PE=2 SV=1
sp|B7S4N9|VKT_OXYSC       -          sequence_based       -            4.8e-29   93.1   5.2     6e-29   92.8   5.2   1.0   1   0   0   1   1   1   1 Kunitz-type serine protease inhibitor taicotoxin OS=Oxyuranus scutellatus scutellatus OX=8667 PE=1 SV=1
sp|P00984|VKTE_DENPO      -          sequence_based       -            6.3e-29   92.7   5.9   6.6e-29   92.6   5.9   1.0   1   0   0   1   1   1   1 Kunitz-type serine protease inhibitor dendrotoxin E OS=Dendroaspis polylepis polylepis OX=8620 PE=1 SV=1
sp|Q2ES46|VKT5_DABRR      -          sequence_based       -            7.8e-29   92.4   6.1     1e-28   92.0   6.1   1.1   1   0   0   1   1   1   1 Kunitz-type serine protease inhibitor 5 OS=Daboia russelii OX=8707 PE=2 SV=1
sp|B5G6G6|VKT2_PSEPO      -          sequence_based       -            8.3e-29   92.3   6.5   9.4e-29   92.1   6.5   1.0   1   0   0   1   1   1   1 Kunitz-type serine protease inhibitor blackelin-2 OS=Pseudechis porphyriacus OX=8671 PE=2 SV=1
sp|P10280|VKT52_ANESU     -          sequence_based       -            1.1e-28   91.9   6.8   1.3e-28   91.6   6.8   1.0   1   0   0   1   1   1   1 KappaPI-actitoxin-Avd3a OS=Anemonia sulcata OX=6108 PE=1 SV=2
sp|Q90W99|VKT3_PSETT      -          sequence_based       -            2.1e-28   91.0   7.9   2.3e-28   90.9   7.9   1.0   1   0   0   1   1   1   1 Kunitz-type serine protease inhibitor textilinin-3 OS=Pseudonaja textilis textilis OX=169397 PE=2 SV=1
sp|C1IC50|VKT1_WALAE      -          sequence_based       -            2.4e-28   90.8   5.2   2.7e-28   90.7   5.2   1.0   1   0   0   1   1   1   1 Protease inhibitor 1 OS=Walterinnesia aegyptia OX=64182 PE=1 SV=1
sp|B5KL37|VKT6_CRYNI      -          sequence_based       -            3.5e-28   90.3   6.9   3.9e-28   90.2   6.9   1.0   1   0   0   1   1   1   1 Kunitz-type serine protease inhibitor nigrescinin-6 OS=Cryptophis nigrescens OX=292442 PE=2 SV=1
sp|A0A1Z0YU59|MAMB1_DENAN -          sequence_based       -            6.8e-28   89.4   9.9   7.2e-28   89.3   9.9   1.0   1   0   0   1   1   1   1 Mambaquaretin-1 OS=Dendroaspis angusticeps OX=8618 PE=1 SV=2
sp|A8Y7N9|VKTC6_DABSI     -          sequence_based       -            7.4e-28   89.3   8.8   9.5e-28   88.9   8.8   1.1   1   0   0   1   1   1   1 Kunitz-type serine protease inhibitor C6 OS=Daboia siamensis OX=343250 PE=2 SV=1
sp|C0HLA8|MAMB5_DENJA     -          sequence_based       -            8.4e-28   89.1   8.8     9e-28   89.0   8.8   1.0   1   0   0   1   1   1   1 Mambaquaretin-5 OS=Dendroaspis jamesoni kaimosae OX=8619 PE=1 SV=1
sp|P0C5J5|WFKN1_RAT       -          sequence_based       -              9e-28   89.0   3.0   2.6e-22   71.5   0.3   2.9   2   0   0   2   2   2   2 WAP, Kazal, immunoglobulin, Kunitz and NTR domain-containing protein 1 OS=Rattus norvegicus OX=10116 GN=Wfikkn1 PE=2 SV=1
sp|P00993|IBP_CARCR       -          sequence_based       -            9.6e-28   88.9   4.4   9.6e-28   88.9   4.4   1.9   2   1   0   2   2   1   1 Chelonianin OS=Caretta caretta OX=8467 PE=1 SV=1
sp|A0A6B7FBD3|VKT2I_RADCR -          sequence_based       -            1.2e-27   88.6   6.6   1.2e-27   88.6   6.6   1.9   1   1   1   2   2   2   1 PI-stichotoxin-Hcr2i OS=Radianthus crispa OX=3122430 GN=iq2c1 PE=1 SV=1
sp|P00981|VKTHK_DENPO     -          sequence_based       -            1.5e-27   88.3   4.7   1.8e-27   88.0   4.7   1.0   1   0   0   1   1   1   1 Kunitz-type serine protease inhibitor homolog dendrotoxin K (Fragment) OS=Dendroaspis polylepis polylepis OX=8620 PE=1 SV=2
sp|P86862|VKT1_ANTEL      -          sequence_based       -            1.9e-27   87.9   9.5   2.2e-27   87.7   9.5   1.0   1   0   0   1   1   1   1 KappaPI-actitoxin-Ael3a OS=Anthopleura elegantissima OX=6110 PE=1 SV=1
sp|H2A0P0|KCP5_PINMG      -          sequence_based       -              2e-27   87.9  29.1   5.3e-16   51.3   5.4   2.2   2   0   0   2   2   2   2 BPTI/Kunitz domain-containing protein 5 OS=Margaritifera margaritifera OX=102329 PE=1 SV=1
sp|A6MFL4|VKT4_DEMVE      -          sequence_based       -            2.1e-27   87.8   7.4   2.3e-27   87.7   7.4   1.0   1   0   0   1   1   1   1 Kunitz-type serine protease inhibitor vestiginin-4 OS=Demansia vestigiata OX=412038 PE=2 SV=1
sp|Q9GP15|IRCPI_IXORI     -          sequence_based       -            2.4e-27   87.6   6.5     3e-27   87.3   6.5   1.1   1   0   0   1   1   1   1 Kunitz-type anticoagulant protein Ir-CPI OS=Ixodes ricinus OX=34613 GN=CPI PE=2 SV=1
sp|P81547|VKT1_ANTAF      -          sequence_based       -            2.8e-27   87.4   7.2   3.2e-27   87.2   7.2   1.0   1   0   0   1   1   1   1 PI-actitoxin-Axm2a OS=Anthopleura aff. xanthogrammica OX=152178 PE=1 SV=1
sp|E7FL11|VKT1_PSERS      -          sequence_based       -            3.2e-27   87.2   6.4   3.6e-27   87.0   6.4   1.0   1   0   0   1   1   1   1 Kunitz serine protease inhibitor Pr-mulgin 1 OS=Pseudechis rossignolii OX=1489342 PE=1 SV=1
sp|C0HJU6|VKT2F_RADCR     -          sequence_based       -            3.9e-27   86.9   4.7   4.1e-27   86.9   4.7   1.0   1   0   0   1   1   1   1 PI-stichotoxin-Hcr2f OS=Radianthus crispa OX=3122430 PE=1 SV=1
sp|A6MFL1|VKT1_DEMVE      -          sequence_based       -            4.4e-27   86.8   5.7   4.9e-27   86.6   5.7   1.0   1   0   0   1   1   1   1 Kunitz-type serine protease inhibitor vestiginin-1 OS=Demansia vestigiata OX=412038 PE=2 SV=1
sp|E7FL13|VKT3_PSERS      -          sequence_based       -            5.1e-27   86.6   6.5   5.7e-27   86.4   6.5   1.0   1   0   0   1   1   1   1 Kunitz serine protease inhibitor Pr-mulgin 3 OS=Pseudechis rossignolii OX=1489342 PE=2 SV=1
sp|P15943|APLP2_RAT       -          sequence_based       -              6e-27   86.3   3.4     6e-27   86.3   3.4   1.9   2   0   0   2   2   1   1 Amyloid beta precursor like protein 2 OS=Rattus norvegicus OX=10116 GN=Aplp2 PE=1 SV=2
sp|B4ESA3|VKT2L_BUNMU     -          sequence_based       -            6.7e-27   86.2   6.5   7.6e-27   86.0   6.5   1.0   1   0   0   1   1   1   1 Kunitz-type serine protease inhibitor PILP-2 OS=Bungarus multicinctus OX=8616 PE=3 SV=1
sp|P25660|VKT9_BUNFA      -          sequence_based       -            9.4e-27   85.7   8.3   1.1e-26   85.5   8.3   1.0   1   0   0   1   1   1   1 Kunitz-type serine protease inhibitor IX OS=Bungarus fasciatus OX=8613 PE=1 SV=1
sp|P0DMJ2|VKT3C_ACTEQ     -          sequence_based       -            9.7e-27   85.7   8.0   1.1e-26   85.4   8.0   1.0   1   0   0   1   1   1   1 PI-actitoxin-Aeq3c OS=Actinia equina OX=6106 PE=1 SV=1
sp|C1IC53|VKT4_WALAE      -          sequence_based       -            1.3e-26   85.3   8.5   1.6e-26   85.0   8.5   1.1   1   0   0   1   1   1   1 Protease inhibitor 4 OS=Walterinnesia aegyptia OX=64182 PE=1 SV=1
sp|B5KL30|VKT4_OXYSC      -          sequence_based       -            1.3e-26   85.2   3.1   1.5e-26   85.1   3.1   1.0   1   0   0   1   1   1   1 Kunitz-type serine protease inhibitor scutellin-4 OS=Oxyuranus scutellatus scutellatus OX=8667 PE=2 SV=1
sp|P0DMX0|VKT3_ANTAF      -          sequence_based       -            1.6e-26   85.0  10.9   1.7e-26   84.9  10.9   1.0   1   0   0   1   1   1   1 PI-actitoxin-Axm2b OS=Anthopleura aff. xanthogrammica OX=152178 PE=1 SV=1
sp|F6ULY1|WFC6B_MOUSE     -          sequence_based       -              4e-26   83.7   1.1   9.7e-26   82.5   1.1   1.6   1   0   0   1   1   1   1 WAP four-disulfide core domain protein 6B OS=Mus musculus OX=10090 GN=Wfdc6b PE=2 SV=1
sp|P0DN07|VKT4_ANEVI      -          sequence_based       -            5.2e-26   83.3   8.2     7e-26   82.9   8.2   1.1   1   0   0   1   1   1   1 U-actitoxin-Avd3g OS=Anemonia viridis OX=51769 PE=3 SV=1
sp|P81658|VKTHC_DENAN     -          sequence_based       -              7e-26   82.9   6.2   7.3e-26   82.9   6.2   1.0   1   0   0   1   1   1   1 Kunitz-type serine protease inhibitor homolog calcicludine OS=Dendroaspis angusticeps OX=8618 PE=1 SV=1
sp|B2KTG2|VKTH1_BUNFA     -          sequence_based       -            9.6e-26   82.5   7.3   1.2e-25   82.2   7.3   1.0   1   0   0   1   1   1   1 Kunitz-type serine protease inhibitor homolog beta-bungarotoxin BF B1 chain OS=Bungarus fasciatus OX=8613 PE=2 SV=1
sp|A8Y7P6|VKTB6_DABSI     -          sequence_based       -            1.1e-25   82.3   8.9   1.4e-25   82.0   8.9   1.0   1   0   0   1   1   1   1 Kunitz-type serine protease inhibitor B6 OS=Daboia siamensis OX=343250 PE=2 SV=1
sp|P20229|VKTTI_NAJNA     -          sequence_based       -            1.3e-25   82.1   7.2   1.4e-25   82.0   7.2   1.0   1   0   0   1   1   1   1 Kunitz-type serine protease inhibitor OS=Naja naja OX=35670 PE=1 SV=1
sp|H6VC05|VKTK1_DABRR     -          sequence_based       -            1.5e-25   81.9   9.2   1.9e-25   81.6   9.2   1.1   1   0   0   1   1   1   1 Kunitz-type serine protease inhibitor DrKIn-I OS=Daboia russelii OX=8707 PE=1 SV=1
sp|Q28201|TKDP1_BOVIN     -          sequence_based       -            1.7e-25   81.7   5.6   4.5e-25   80.4   5.6   1.7   1   0   0   1   1   1   1 Trophoblast Kunitz domain protein 1 OS=Bos taurus OX=9913 GN=TKDP1 PE=2 SV=2
sp|Q3UW55|WFC6A_MOUSE     -          sequence_based       -            2.9e-25   81.0   0.6   7.2e-25   79.7   0.6   1.7   1   0   0   1   1   1   1 WAP four-disulfide core domain protein 6A OS=Mus musculus OX=10090 GN=Wfdc6a PE=2 SV=1
sp|P00989|VKTH2_BUNMU     -          sequence_based       -            2.9e-25   80.9   6.3   3.8e-25   80.6   6.3   1.1   1   0   0   1   1   1   1 Kunitz-type serine protease inhibitor homolog beta-bungarotoxin B2 chain OS=Bungarus multicinctus OX=8616 PE=1 SV=2
sp|D4A2Z2|EPPI_RAT        -          sequence_based       -            3.7e-25   80.6   9.1     1e-24   79.2   9.1   1.7   1   0   0   1   1   1   1 Eppin OS=Rattus norvegicus OX=10116 GN=Eppin PE=3 SV=1
sp|O62845|ELAC_NOTEU      -          sequence_based       -            4.4e-25   80.4   5.6     7e-25   79.7   5.6   1.3   1   0   0   1   1   1   1 Early lactation protein OS=Notamacropus eugenii OX=9315 GN=ELP PE=1 SV=1
sp|O93279|A4_TAKRU        -          sequence_based       -            5.2e-25   80.1   3.8   1.1e-24   79.1   3.8   1.5   1   0   0   1   1   1   1 Amyloid-beta A4 protein OS=Takifugu rubripes OX=31033 GN=app PE=3 SV=1
sp|B5M0W4|SV66_SIMVI      -          sequence_based       -            6.7e-25   79.8   8.4   8.8e-25   79.4   8.4   1.1   1   0   0   1   1   1   1 Simukunin OS=Simulium vittatum OX=7192 PE=1 SV=1
sp|P26228|SBPI_SARBU      -          sequence_based       -            1.5e-24   78.7   6.2   1.7e-24   78.5   6.2   1.0   1   0   0   1   1   1   1 Protease inhibitor OS=Sarcophaga bullata OX=7385 PE=1 SV=1
sp|D5J9Q8|VKT5_BUNFL      -          sequence_based       -            1.6e-24   78.5   9.5   1.8e-24   78.4   9.5   1.0   1   0   0   1   1   1   1 Kunitz-type serine protease inhibitor isoform 5 OS=Bungarus flaviceps flaviceps OX=8615 PE=3 SV=1
sp|F5GTK6|VKGUA_SIMGU     -          sequence_based       -            2.1e-24   78.2   8.8   3.1e-24   77.6   8.8   1.3   1   0   0   1   1   1   1 Guianensin OS=Simulium guianense OX=445764 PE=1 SV=1
sp|B5L5Q1|VKT7_PSETT      -          sequence_based       -            2.5e-24   77.9   4.4   2.9e-24   77.8   4.4   1.0   1   0   0   1   1   1   1 Kunitz-type serine protease inhibitor textilinin-7 OS=Pseudonaja textilis textilis OX=169397 PE=3 SV=1
sp|A7X3V7|VKT1_PHIOL      -          sequence_based       -            3.8e-24   77.4   6.3   5.1e-24   77.0   6.3   1.1   1   0   0   1   1   1   1 Kunitz-type serine protease inhibitor kunitoxin-Phi1 OS=Philodryas olfersii OX=120305 PE=2 SV=1
sp|P0DN15|VKTB_ANEVI      -          sequence_based       -            6.3e-24   76.7  10.2   8.2e-24   76.3  10.2   1.1   1   0   0   1   1   1   1 U-actitoxin-Avd3n OS=Anemonia viridis OX=51769 PE=1 SV=1
sp|Q9BDL1|EPPI_MACMU      -          sequence_based       -            1.3e-23   75.6   8.2     3e-23   74.5   8.2   1.6   1   0   0   1   1   1   1 Eppin OS=Macaca mulatta OX=9544 GN=EPPIN PE=2 SV=1
sp|P0DJ45|VKT22_LYCMC     -          sequence_based       -            1.5e-23   75.5   7.4   1.8e-23   75.2   7.4   1.1   1   0   0   1   1   1   1 Kunitz-type serine protease inhibitor LmKTT-1b OS=Lychas mucronatus OX=172552 PE=2 SV=1
sp|Q9DA01|EPPI_MOUSE      -          sequence_based       -            1.6e-23   75.4   9.4   3.9e-23   74.1   9.4   1.7   1   0   0   1   1   1   1 Eppin OS=Mus musculus OX=10090 GN=Eppin PE=1 SV=1
sp|P49223|SPIT3_HUMAN     -          sequence_based       -            1.6e-23   75.4  10.1   2.2e-23   74.9  10.1   1.1   1   0   0   1   1   1   1 Kunitz-type protease inhibitor 3 OS=Homo sapiens OX=9606 GN=SPINT3 PE=1 SV=3
sp|Q29143|ELAC_TRIVU      -          sequence_based       -            2.6e-23   74.7   3.8   3.9e-23   74.1   3.8   1.2   1   0   0   1   1   1   1 Early lactation protein OS=Trichosurus vulpecula OX=9337 GN=ELP PE=1 SV=1
sp|P86959|KCP1_PINMA      -          sequence_based       -            3.5e-23   74.3   9.3   6.4e-23   73.4   9.3   1.4   1   0   0   1   1   1   1 BPTI/Kunitz domain-containing protein 1 OS=Pinctada maxima OX=104660 PE=1 SV=1
sp|P16344|VKT2A_RADCR     -          sequence_based       -              9e-23   73.0   2.3   9.9e-23   72.8   2.3   1.0   1   0   0   1   1   1   1 PI-stichotoxin-Hcr2a OS=Radianthus crispa OX=3122430 PE=1 SV=1
sp|H2A0M2|KCP1_PINMG      -          sequence_based       -            1.2e-22   72.5  10.0   2.4e-22   71.6  10.0   1.5   1   0   0   1   1   1   1 BPTI/Kunitz domain-containing protein 1 OS=Margaritifera margaritifera OX=102329 PE=1 SV=1
sp|D2Y488|VKT1A_CONCL     -          sequence_based       -            1.3e-22   72.5   4.4   1.5e-22   72.2   4.4   1.1   1   0   0   1   1   1   1 Kunitz-type serine protease inhibitor conotoxin Cal9.1a OS=Californiconus californicus OX=1736779 PE=3 SV=1
sp|P0DJ49|VKT24_OLIMR     -          sequence_based       -            1.3e-22   72.4   7.2   1.5e-22   72.3   7.2   1.0   1   0   0   1   1   1   1 Kunitz-type serine protease inhibitor BmKTT-1 OS=Olivierus martensii OX=34649 PE=3 SV=1
sp|P00983|MAMB7_DENPO     -          sequence_based       -            1.4e-22   72.3   6.9   1.5e-22   72.3   6.9   1.0   1   0   0   1   1   1   1 Mambaquaretin-7 OS=Dendroaspis polylepis polylepis OX=8620 PE=1 SV=1
sp|P0CY85|VKTB1_CONBU     -          sequence_based       -            5.3e-22   70.5   4.9   6.7e-22   70.2   4.9   1.1   1   0   0   1   1   1   1 Kunitz-type conkunitzin-B1 OS=Conus bullatus OX=89438 PE=3 SV=1
sp|H2A0N5|KCP3_PINMG      -          sequence_based       -            5.3e-22   70.5  26.8   3.5e-12   39.1   9.9   2.2   1   1   1   2   2   2   2 BPTI/Kunitz domain-containing protein 3 OS=Margaritifera margaritifera OX=102329 PE=1 SV=1
sp|P0DJ66|VKT17_CYRHA     -          sequence_based       -            6.3e-22   70.3   9.2     1e-21   69.6   9.2   1.2   1   0   0   1   1   1   1 Kunitz-type serine protease inhibitor HNTX-03141017 (Fragment) OS=Cyriopagopus hainanus OX=2781057 PE=2 SV=1
sp|O95428|PPN_HUMAN       -          sequence_based       -            1.6e-21   69.0   4.4   6.5e-21   67.0   4.4   2.1   1   0   0   1   1   1   1 Papilin OS=Homo sapiens OX=9606 GN=PAPLN PE=1 SV=4
sp|P11424|IMAP_DROFU      -          sequence_based       -            3.2e-21   68.0   3.4   3.4e-21   67.9   3.4   1.1   1   0   0   1   1   1   1 Male accessory gland serine protease inhibitor OS=Drosophila funebris OX=7221 GN=PapD PE=1 SV=1
sp|Q8T0W4|VKT2_PIMHY      -          sequence_based       -            5.4e-21   67.3   3.0   6.9e-21   66.9   3.0   1.2   1   0   0   1   1   1   1 Kunitz-type serine protease inhibitor cvp2 OS=Pimpla hypochondriaca OX=135724 PE=1 SV=1
sp|P0DQR0|VKT2_PALCA      -          sequence_based       -            1.2e-20   66.2  12.5   1.3e-20   66.1  12.5   1.0   1   0   0   1   1   1   1 Kunitz-like toxin PcKuz2 OS=Palythoa caribaeorum OX=134933 PE=3 SV=1
sp|O73683|A4_DICFU        -          sequence_based       -              3e-20   64.9   1.0     6e-20   63.9   1.0   1.4   1   0   0   1   1   1   1 Amyloid-beta A4 protein OS=Dichotomyctere fluviatilis OX=2593188 GN=app PE=2 SV=1
sp|P07481|ISC3_BOMMO      -          sequence_based       -            8.8e-20   63.4   7.3     1e-19   63.2   7.3   1.1   1   0   0   1   1   1   1 Chymotrypsin inhibitor SCI-III OS=Bombyx mori OX=7091 PE=1 SV=1
sp|P81906|ISPI2_GALME     -          sequence_based       -            1.2e-19   62.9   1.0   1.3e-19   62.8   1.0   1.0   1   0   0   1   1   1   1 Inducible serine protease inhibitor 2 (Fragment) OS=Galleria mellonella OX=7137 PE=1 SV=1
sp|Q9D263|SPIT4_MOUSE     -          sequence_based       -            2.5e-19   61.9   4.9   3.5e-19   61.5   4.9   1.2   1   0   0   1   1   1   1 Kunitz-type protease inhibitor 4 OS=Mus musculus OX=10090 GN=Spint4 PE=2 SV=1
sp|Q02388|CO7A1_HUMAN     -          sequence_based       -            2.7e-19   61.9   1.0   4.3e-19   61.2   1.0   1.3   1   0   0   1   1   1   1 Collagen alpha-1(VII) chain OS=Homo sapiens OX=9606 GN=COL7A1 PE=1 SV=2
sp|B2ZBB8|VKT33_CYRSC     -          sequence_based       -            2.8e-19   61.8   3.1   3.8e-19   61.4   3.1   1.1   1   0   0   1   1   1   1 Kunitz-type U15-theraphotoxin-Hs1a OS=Cyriopagopus schmidti OX=29017 PE=3 SV=1
sp|Q2UY11|COSA1_MOUSE     -          sequence_based       -            4.5e-19   61.1   6.1   8.2e-19   60.3   6.1   1.4   1   0   0   1   1   1   1 Collagen alpha-1(XXVIII) chain OS=Mus musculus OX=10090 GN=Col28a1 PE=2 SV=1
sp|Q8IUA0|WFDC8_HUMAN     -          sequence_based       -            9.6e-16   50.5   8.5   9.6e-16   50.5   8.5   2.4   2   1   0   2   2   1   1 WAP four-disulfide core domain protein 8 OS=Homo sapiens OX=9606 GN=WFDC8 PE=1 SV=2
sp|C0LNR2|VKT_VESBI       -          sequence_based       -            1.3e-15   50.0   2.9   1.7e-15   49.7   2.9   1.1   1   0   0   1   1   1   1 Kunitz-type serine protease inhibitor bicolin OS=Vespa bicolor OX=619325 PE=1 SV=1
sp|M9PE65|AXO_DROME       -          sequence_based       -            5.9e-15   47.9   7.2   5.9e-15   47.9   7.2   2.2   2   0   0   2   2   1   1 Axotactin OS=Drosophila melanogaster OX=7227 GN=axo PE=1 SV=1
sp|Q7Z1K3|ANIS1_ANISI     -          sequence_based       -            2.7e-14   45.8   4.2     1e-13   44.0   4.2   2.1   1   1   0   1   1   1   1 Major allergen Ani s 1 OS=Anisakis simplex OX=6269 PE=1 SV=1
sp|Q09JW6|KUNI_ARGMO      -          sequence_based       -            2.9e-14   45.7  11.6   9.5e-12   37.7   3.8   3.2   3   0   0   3   3   3   2 Monobin OS=Argas monolakensis OX=34602 GN=AM-28 PE=1 SV=1
sp|P26226|HTIA_MANSE      -          sequence_based       -            1.8e-12   40.0   2.6   2.4e-12   39.6   2.6   1.2   1   0   0   1   1   1   1 Hemolymph trypsin inhibitor A (Fragment) OS=Manduca sexta OX=7130 PE=1 SV=1
sp|Q11101|YL15_CAEEL      -          sequence_based       -              1e-07   24.8   6.4   2.7e-07   23.4   6.4   1.8   1   0   0   1   1   1   1 BPTI/Kunitz inhibitor domain-containing protein C02F12.5 OS=Caenorhabditis elegans OX=6239 GN=C02F12.5 PE=1 SV=3
sp|Q8WPG5|KUNI_ORNKA      -          sequence_based       -            2.3e-06   20.4   2.1   0.00011   15.0   0.7   2.4   2   0   0   2   2   2   1 Thrombin inhibitor savignin OS=Ornithodoros kalahariensis OX=1580572 PE=1 SV=1
#
# Program:         hmmsearch
# Version:         3.4 (Aug 2023)
# Pipeline mode:   SEARCH
# Query file:      Data/Processed/sequence_based.hmm
# Target file:     Data/Processed/pos_1.fasta
# Option settings: hmmsearch --tblout Data/Processed/seq_pos_1.out --noali -E 10 --cpu 4 Data/Processed/sequence_based.hmm Data/Processed/pos_1.fasta 
# Current dir:     /Users/negin/Downloads
# Date:            Sat Apr 18 02:06:02 2026
# [ok]
