#                                                                   --- full sequence ---- --- best 1 domain ---- --- domain number estimation ----
# target name            accession  query name           accession    E-value  score  bias   E-value  score  bias   exp reg clu  ov env dom rep inc description of target
#    ------------------- ---------- -------------------- ---------- --------- ------ ----- --------- ------ -----   --- --- --- --- --- --- --- --- ---------------------
sp|Q868Z9|PPN_DROME      -          structure_based      -           8.6e-194  620.9 167.1   7.1e-20   63.9   6.2  13.4  11   1   1  12  12  12  12 Papilin OS=Drosophila melanogaster OX=7227 GN=Ppn PE=1 SV=2
sp|O76840|PPN1_CAEEL     -          structure_based      -           3.7e-176  564.4 140.8   4.3e-20   64.6   4.7  13.1  11   1   1  12  12  11  11 Papilin OS=Caenorhabditis elegans OX=6239 GN=mig-6 PE=1 SV=1
sp|Q02445|TFPI1_RAT      -          structure_based      -            9.6e-71  226.8  42.5   3.8e-26   84.0  10.6   3.2   3   0   0   3   3   3   3 Tissue factor pathway inhibitor OS=Rattus norvegicus OX=10116 GN=Tfpi PE=2 SV=1
sp|P19761|TFPI1_RABIT    -          structure_based      -            1.4e-66  213.5  38.2   5.2e-26   83.5   6.1   3.2   3   0   0   3   3   3   3 Tissue factor pathway inhibitor OS=Oryctolagus cuniculus OX=9986 GN=TFPI PE=2 SV=2
sp|P86733|KCP_HALAI      -          structure_based      -            1.4e-48  155.8  21.9   2.7e-25   81.2   6.6   2.0   2   0   0   2   2   2   2 BPTI/Kunitz domain-containing protein (Fragment) OS=Haliotis asinina OX=109174 PE=1 SV=1
sp|W4VSH9|VKT1_TRILK     -          structure_based      -              1e-46  149.9  19.9   3.6e-25   80.8   5.4   2.2   2   0   0   2   2   2   2 Kunitz-type U19-barytoxin-Tl1a OS=Trittame loki OX=1295018 PE=2 SV=2
sp|Q6T269|VKT3_BITGA     -          structure_based      -            1.1e-46  149.7  27.5   1.2e-24   79.1   9.7   3.0   1   1   2   3   3   3   2 Kunitz-type serine protease inhibitor bitisilin-3 (Fragment) OS=Bitis gabonica OX=8694 PE=2 SV=1
sp|Q9WU03|SPIT2_MOUSE    -          structure_based      -            6.2e-44  140.9  17.8   7.7e-25   79.8   2.9   2.2   2   0   0   2   2   2   2 Kunitz-type protease inhibitor 2 OS=Mus musculus OX=10090 GN=Spint2 PE=1 SV=1
sp|P00978|AMBP_BOVIN     -          structure_based      -            6.1e-40  128.1  20.5   2.3e-21   68.6   6.6   2.4   1   1   1   2   2   2   2 Protein AMBP OS=Bos taurus OX=9913 GN=AMBP PE=1 SV=2
sp|Q60559|AMBP_MESAU     -          structure_based      -            8.4e-40  127.7  20.8   2.1e-21   68.8   6.0   2.3   1   1   1   2   2   2   2 Protein AMBP OS=Mesocricetus auratus OX=10036 GN=AMBP PE=1 SV=1
sp|P04366|AMBP_PIG       -          structure_based      -            1.3e-38  123.9  20.5     2e-20   65.7   6.1   2.5   1   1   1   2   2   2   2 Protein AMBP (Fragment) OS=Sus scrofa OX=9823 GN=AMBP PE=1 SV=2
sp|Q07456|AMBP_MOUSE     -          structure_based      -            1.9e-38  123.4  22.3   1.9e-21   68.9   7.0   2.4   1   1   1   2   2   2   2 Protein AMBP OS=Mus musculus OX=10090 GN=Ambp PE=1 SV=2
sp|B2BS84|VKT_AUSLA      -          structure_based      -            4.7e-38  122.1  19.9   2.7e-20   65.3   5.6   2.2   2   0   0   2   2   2   2 Putative Kunitz-type serine protease inhibitor OS=Austrelaps labialis OX=471292 PE=2 SV=1
sp|Q90WA1|VKT1_PSETT     -          structure_based      -            9.2e-30   95.6   5.3     1e-29   95.4   5.3   1.0   1   0   0   1   1   1   1 Kunitz-type serine protease inhibitor textilinin-1 OS=Pseudonaja textilis textilis OX=169397 PE=1 SV=1
sp|P00975|IBPS_BOVIN     -          structure_based      -            2.1e-29   94.4   7.9   2.2e-29   94.3   7.9   1.0   1   0   0   1   1   1   1 Serum basic protease inhibitor OS=Bos taurus OX=9913 PE=1 SV=1
sp|Q96NZ8|WFKN1_HUMAN    -          structure_based      -              2e-28   91.3   4.5     8e-21   66.9   0.6   2.8   2   0   0   2   2   2   2 WAP, Kazal, immunoglobulin, Kunitz and NTR domain-containing protein 1 OS=Homo sapiens OX=9606 GN=WFIKKN1 PE=1 SV=1
sp|C0HJU7|VKT2G_RADCR    -          structure_based      -            2.2e-28   91.2   4.0   2.3e-28   91.1   4.0   1.0   1   0   0   1   1   1   1 PI-stichotoxin-Hcr2g OS=Radianthus crispa OX=3122430 PE=1 SV=1
sp|P00985|VKT2_HEMHA     -          structure_based      -              3e-28   90.7   4.1   3.2e-28   90.6   4.1   1.0   1   0   0   1   1   1   1 Kunitz-type serine protease inhibitor 2 OS=Hemachatus haemachatus OX=8626 PE=1 SV=1
sp|P36992|AMBP_PLEPL     -          structure_based      -            3.2e-28   90.6  16.5   3.4e-19   61.7   6.5   2.3   1   1   1   2   2   2   2 Protein AMBP (Fragment) OS=Pleuronectes platessa OX=8262 PE=2 SV=1
sp|Q90W98|VKT4_PSETT     -          structure_based      -            3.5e-28   90.5   6.6   3.9e-28   90.3   6.6   1.0   1   0   0   1   1   1   1 Kunitz-type serine protease inhibitor textilinin-4 OS=Pseudonaja textilis textilis OX=169397 PE=2 SV=1
sp|C0HK73|3BPI_HETMG     -          structure_based      -            8.6e-28   89.2   2.9     9e-28   89.2   2.9   1.0   1   0   0   1   1   1   1 PI-stichotoxin-Hmg3b OS=Heteractis magnifica OX=38281 PE=1 SV=1
sp|P81129|VKT2_STIHL     -          structure_based      -            1.2e-27   88.7   8.6   1.3e-27   88.6   8.6   1.0   1   0   0   1   1   1   1 PI-stichotoxin-She2b OS=Stichodactyla helianthus OX=6123 PE=1 SV=1
sp|P0DN06|VKT1A_ANEVI    -          structure_based      -            1.3e-27   88.7   5.5   1.6e-27   88.3   5.5   1.1   1   0   0   1   1   1   1 U-actitoxin-Avd3f OS=Anemonia viridis OX=51769 PE=3 SV=1
sp|B6RLX2|VKTCT_OPHHA    -          structure_based      -            1.7e-27   88.3   6.6   1.9e-27   88.1   6.6   1.0   1   0   0   1   1   1   1 Kunitz-type serine protease inhibitor TCI OS=Ophiophagus hannah OX=8665 PE=1 SV=1
sp|F8J2F5|VKT87_DRYCN    -          structure_based      -            2.3e-27   87.8   6.4   2.7e-27   87.7   6.4   1.0   1   0   0   1   1   1   1 Kunitz-type serine protease inhibitor 87 OS=Drysdalia coronoides OX=66186 PE=1 SV=1
sp|B2G331|VKT2B_RADCR    -          structure_based      -            2.4e-27   87.8   5.0   2.9e-27   87.6   5.0   1.1   1   0   0   1   1   1   1 TauPI-stichotoxin-Hcr2b OS=Radianthus crispa OX=3122430 PE=1 SV=1
sp|B5L5R7|VKT2_HOPST     -          structure_based      -              3e-27   87.5   8.2   3.4e-27   87.3   8.2   1.0   1   0   0   1   1   1   1 Kunitz-type serine protease inhibitor stephenin-2 OS=Hoplocephalus stephensii OX=196418 PE=3 SV=1
sp|P00994|ISIK_HELPO     -          structure_based      -            3.3e-27   87.4   9.5   3.5e-27   87.3   9.5   1.0   1   0   0   1   1   1   1 Isoinhibitor K OS=Helix pomatia OX=6536 PE=1 SV=1
sp|P00976|IBPC_BOVIN     -          structure_based      -            4.3e-27   87.0   3.0   4.8e-27   86.9   3.0   1.0   1   0   0   1   1   1   1 Colostrum trypsin inhibitor OS=Bos taurus OX=9913 PE=1 SV=2
sp|B5L5M7|IVBI_AUSSU     -          structure_based      -            7.5e-27   86.2   9.2   8.5e-27   86.0   9.2   1.0   1   0   0   1   1   1   1 Kunitz/BPTI-like toxin OS=Austrelaps superbus OX=29156 PE=3 SV=1
sp|P81902|CSTI_BOMMO     -          structure_based      -            9.2e-27   85.9   2.7   9.7e-27   85.9   2.7   1.0   1   0   0   1   1   1   1 Trypsin inhibitor OS=Bombyx mori OX=7091 PE=1 SV=1
sp|C1IC52|VKT2_WALAE     -          structure_based      -            1.1e-26   85.6   5.3   1.3e-26   85.4   5.3   1.1   1   0   0   1   1   1   1 Kunitz-type serine protease inhibitor spermatin OS=Walterinnesia aegyptia OX=64182 PE=1 SV=1
sp|B5KL38|VKT1_AUSSU     -          structure_based      -            1.6e-26   85.2   5.8   1.8e-26   85.0   5.8   1.0   1   0   0   1   1   1   1 Kunitz-type serine protease inhibitor superbin-1 OS=Austrelaps superbus OX=29156 PE=2 SV=1
sp|Q6T6S5|VKT2_BITGA     -          structure_based      -            2.3e-26   84.7  11.9   2.7e-26   84.4  11.9   1.1   1   0   0   1   1   1   1 Kunitz-type serine protease inhibitor bitisilin-2 OS=Bitis gabonica OX=8694 PE=1 SV=1
sp|P00991|VKT1_VIPAA     -          structure_based      -            2.7e-26   84.4   8.4   3.2e-26   84.2   8.4   1.1   1   0   0   1   1   1   1 Kunitz-type serine protease inhibitor 1 OS=Vipera ammodytes ammodytes OX=8705 PE=1 SV=2
sp|E7FL12|VKT2_PSERS     -          structure_based      -            3.9e-26   83.9   5.6   4.4e-26   83.7   5.6   1.0   1   0   0   1   1   1   1 Kunitz serine protease inhibitor Pr-mulgin 2 OS=Pseudechis rossignolii OX=1489342 PE=2 SV=1
sp|A5X2X1|VKT_SISCA      -          structure_based      -            4.2e-26   83.8   9.0   9.6e-26   82.7   9.0   1.6   1   0   0   1   1   1   1 Fused toxin protein OS=Sistrurus catenatus edwardsii OX=8762 PE=2 SV=1
sp|A6MFL3|VKT3_DEMVE     -          structure_based      -            4.4e-26   83.8   4.3     5e-26   83.6   4.3   1.0   1   0   0   1   1   1   1 Kunitz-type serine protease inhibitor vestiginin-3 OS=Demansia vestigiata OX=412038 PE=1 SV=1
sp|H6VC06|VKTK2_DABRR    -          structure_based      -            5.4e-26   83.5   6.7   6.2e-26   83.3   6.7   1.0   1   0   0   1   1   1   1 Kunitz-type serine protease inhibitor DrKIn-II OS=Daboia russelii OX=8707 PE=1 SV=1
sp|Q8T3S7|VKT1_ARAVE     -          structure_based      -            1.3e-25   82.2   6.2     2e-25   81.6   6.2   1.3   1   0   0   1   1   1   1 Kunitz-type U1-aranetoxin-Av1a OS=Araneus ventricosus OX=182803 PE=1 SV=2
sp|P0DKL8|VKT_VIPRE      -          structure_based      -            1.6e-25   82.0   8.2   1.7e-25   81.8   8.2   1.0   1   0   0   1   1   1   1 Kunitz-type serine protease inhibitor Vur-KIn OS=Vipera renardi OX=927686 PE=1 SV=1
sp|H2A0N1|KCP2_PINMG     -          structure_based      -              2e-25   81.7  17.4   2.1e-14   46.4   4.4   2.2   2   0   0   2   2   2   2 BPTI/Kunitz domain-containing protein 2 OS=Margaritifera margaritifera OX=102329 PE=1 SV=1
sp|Q29428|TKDP1_SHEEP    -          structure_based      -            2.2e-25   81.5   5.5   3.7e-25   80.8   5.5   1.3   1   0   0   1   1   1   1 Trophoblast Kunitz domain protein 1 OS=Ovis aries OX=9940 GN=TKDP1 PE=2 SV=1
sp|B1B5I8|VKT3_STIHA     -          structure_based      -            2.3e-25   81.5   6.3   3.1e-25   81.1   6.3   1.1   1   0   0   1   1   1   1 KappaPI-stichotoxin-Shd2a OS=Stichodactyla haddoni OX=475174 PE=1 SV=1
sp|B2KTG1|VKT_BUNFA      -          structure_based      -            3.4e-25   80.9   7.9   4.1e-25   80.7   7.9   1.0   1   0   0   1   1   1   1 Kunitz-type serine protease inhibitor bungaruskunin OS=Bungarus fasciatus OX=8613 PE=1 SV=1
sp|P00979|VKTH1_DENPO    -          structure_based      -            3.7e-25   80.8   7.2   4.2e-25   80.6   7.2   1.0   1   0   0   1   1   1   1 Kunitz-type serine protease inhibitor homolog dendrotoxin I OS=Dendroaspis polylepis polylepis OX=8620 PE=1 SV=2
sp|A8Y7N7|VKTC4_DABSI    -          structure_based      -            4.2e-25   80.6   8.7   4.9e-25   80.4   8.7   1.1   1   0   0   1   1   1   1 Kunitz-type serine protease inhibitor C4 OS=Daboia siamensis OX=343250 PE=2 SV=1
sp|Q29100|UPTI_PIG       -          structure_based      -            6.2e-25   80.1   7.4   6.2e-25   80.1   7.4   1.4   1   1   0   1   1   1   1 Uterine plasmin/trypsin inhibitor OS=Sus scrofa OX=9823 PE=1 SV=1
sp|B5KL32|VKT3_NOTSC     -          structure_based      -            6.8e-25   80.0   7.7   7.6e-25   79.8   7.7   1.0   1   0   0   1   1   1   1 Kunitz-type serine protease inhibitor tigerin-3 OS=Notechis scutatus scutatus OX=70142 PE=2 SV=1
sp|A7X3V4|VKT1_TELDH     -          structure_based      -            8.8e-25   79.6  10.9     1e-24   79.4  10.9   1.1   1   0   0   1   1   1   1 Kunitz-type serine protease inhibitor kunitoxin-Tel1 OS=Telescopus dhara OX=338837 PE=2 SV=1
sp|P0C1X2|VKTS1_CONST    -          structure_based      -            9.8e-25   79.4   3.2   1.2e-24   79.1   3.2   1.1   1   0   0   1   1   1   1 Kunitz-type conkunitzin-S1 OS=Conus striatus OX=6493 PE=1 SV=1
sp|F8J2F6|VKT18_DRYCN    -          structure_based      -            1.3e-24   79.1   6.1   1.4e-24   78.9   6.1   1.0   1   0   0   1   1   1   1 Kunitz-type serine protease inhibitor 18 OS=Drysdalia coronoides OX=66186 PE=1 SV=1
sp|C1IBY4|KUN1_TABYA     -          structure_based      -            1.4e-24   78.9   9.2   1.6e-24   78.8   9.2   1.0   1   0   0   1   1   1   1 Tabkunin 1 OS=Tabanus yao OX=485572 PE=3 SV=1
sp|E5AJX3|VKT_VIPNI      -          structure_based      -            1.5e-24   78.9   9.5   1.7e-24   78.7   9.5   1.1   1   0   0   1   1   1   1 Kunitz-type serine protease inhibitor ki-VN OS=Vipera nikolskii OX=1808362 PE=2 SV=1
sp|P0DMJ3|VKTI1_ANTFU    -          structure_based      -            1.7e-24   78.7   7.5   1.8e-24   78.6   7.5   1.0   1   0   0   1   1   1   1 PI-actitoxin-Afv2a OS=Anthopleura fuscoviridis OX=6111 PE=1 SV=1
sp|P0DJ50|VKT31_OLIMR    -          structure_based      -            1.8e-24   78.6  10.4   2.2e-24   78.3  10.4   1.1   1   0   0   1   1   1   1 Kunitz-type serine protease inhibitor BmKTT-2 OS=Olivierus martensii OX=34649 PE=1 SV=2
sp|B5KL27|VKT3_OXYMI     -          structure_based      -            1.9e-24   78.5   3.9   2.2e-24   78.3   3.9   1.0   1   0   0   1   1   1   1 Kunitz-type serine protease inhibitor microlepidin-3 OS=Oxyuranus microlepidotus OX=111177 PE=2 SV=1
sp|Q8AY42|VKTB_BUNCA     -          structure_based      -            2.9e-24   77.9  10.1   3.4e-24   77.7  10.1   1.1   1   0   0   1   1   1   1 Kunitz-type serine protease inhibitor B OS=Bungarus candidus OX=92438 PE=2 SV=2
sp|P0C8W3|VKT11_HOFGE    -          structure_based      -            2.9e-24   77.9   7.4   3.5e-24   77.7   7.4   1.1   1   0   0   1   1   1   1 Kunitz-type serine protease inhibitor Hg1 OS=Hoffmannihadrurus gertschi OX=380989 PE=1 SV=1
sp|B4ESA4|VKT3L_BUNMU    -          structure_based      -            3.5e-24   77.7  10.9     4e-24   77.5  10.9   1.0   1   0   0   1   1   1   1 Kunitz-type serine protease inhibitor PILP-3 OS=Bungarus multicinctus OX=8616 PE=3 SV=1
sp|A8Y7P5|VKTB5_DABSI    -          structure_based      -              5e-24   77.2   6.7   5.7e-24   77.0   6.7   1.1   1   0   0   1   1   1   1 Kunitz-type serine protease inhibitor B5 OS=Daboia siamensis OX=343250 PE=2 SV=1
sp|Q5ZPJ7|VKT_NAJAT      -          structure_based      -            5.6e-24   77.0   9.2   6.2e-24   76.9   9.2   1.0   1   0   0   1   1   1   1 Kunitz-type serine protease inhibitor NACI OS=Naja atra OX=8656 PE=1 SV=1
sp|Q964Q0|IXOSP_IXOSC    -          structure_based      -            5.8e-24   77.0  20.0   1.7e-21   69.1   2.6   2.6   3   0   0   3   3   2   2 Ixolaris OS=Ixodes scapularis OX=6945 PE=1 SV=1
sp|I2G9B4|VKT_MACLN      -          structure_based      -            6.5e-24   76.8  10.6   7.6e-24   76.6  10.6   1.1   1   0   0   1   1   1   1 Kunitz-type serine protease inhibitor PIVL OS=Macrovipera lebetina transmediterranea OX=384075 PE=1 SV=1
sp|P81162|CRPTI_RHIMP    -          structure_based      -              9e-24   76.4   6.2   1.1e-23   76.1   6.2   1.1   1   0   0   1   1   1   1 Protease inhibitor carrapatin OS=Rhipicephalus microplus OX=6941 PE=1 SV=1
sp|P0DQR1|VKT3_PALCA     -          structure_based      -            1.1e-23   76.1   7.3   1.2e-23   76.0   7.3   1.0   1   0   0   1   1   1   1 Kunitz-like toxin PcKuz3 OS=Palythoa caribaeorum OX=134933 PE=3 SV=1
sp|P0DQQ9|VKT1_PALCA     -          structure_based      -            1.4e-23   75.7   9.5   1.5e-23   75.6   9.5   1.0   1   0   0   1   1   1   1 Kunitz-like toxin PcKuz1 OS=Palythoa caribaeorum OX=134933 PE=3 SV=1
sp|B2KTG3|VKTH2_BUNFA    -          structure_based      -              2e-23   75.3  10.0   2.2e-23   75.1  10.0   1.0   1   0   0   1   1   1   1 Kunitz-type serine protease inhibitor homolog beta-bungarotoxin BF B2 chain OS=Bungarus fasciatus OX=8613 PE=2 SV=1
sp|P81548|VKT2_ANTAF     -          structure_based      -            2.8e-23   74.8   9.9   3.3e-23   74.6   9.9   1.0   1   0   0   1   1   1   1 PI-actitoxin-Axm2b OS=Anthopleura aff. xanthogrammica OX=152178 PE=1 SV=1
sp|P82966|VKTCI_OPHHA    -          structure_based      -            5.9e-23   73.8   5.5   6.6e-23   73.6   5.5   1.0   1   0   0   1   1   1   1 Kunitz-type serine protease inhibitor OS=Ophiophagus hannah OX=8665 PE=1 SV=2
sp|P82968|MCPI_MELCP     -          structure_based      -            6.8e-23   73.5   8.6   6.8e-23   73.5   8.6   2.3   2   0   0   2   2   1   1 Four-domain proteases inhibitor OS=Melithaea caledonica OX=156534 PE=1 SV=1
sp|G9I929|VKTA_MICTN     -          structure_based      -            7.2e-23   73.5   9.5   8.8e-23   73.2   9.5   1.1   1   0   0   1   1   1   1 Kunitz-type neurotoxin MitTx-alpha OS=Micrurus tener tener OX=1114302 PE=1 SV=1
sp|Q7T2Q6|VKTHB_BUNFL    -          structure_based      -              8e-23   73.3   9.7   9.1e-23   73.1   9.7   1.0   1   0   0   1   1   1   1 Kunitz-type serine protease inhibitor homolog beta-bungarotoxin B chain OS=Bungarus flaviceps flaviceps OX=8615 PE=1 SV=1
sp|Q0PL65|VKTH7_BUNMU    -          structure_based      -            1.6e-22   72.3  11.4   1.8e-22   72.2  11.4   1.0   1   0   0   1   1   1   1 Kunitz-type serine protease inhibitor homolog beta-bungarotoxin B5-B chain OS=Bungarus multicinctus OX=8616 PE=2 SV=1
sp|P15989|CO6A3_CHICK    -          structure_based      -              2e-22   72.0   5.2   5.5e-22   70.6   5.2   1.7   1   0   0   1   1   1   1 Collagen alpha-3(VI) chain OS=Gallus gallus OX=9031 GN=COL6A3 PE=2 SV=2
sp|O95925|EPPI_HUMAN     -          structure_based      -            2.1e-22   72.0   7.6   2.1e-22   72.0   7.6   2.1   2   0   0   2   2   1   1 Eppin OS=Homo sapiens OX=9606 GN=EPPIN PE=1 SV=1
sp|D8KY58|VKT_BOMTE      -          structure_based      -            2.6e-22   71.7   4.8   3.5e-22   71.3   4.8   1.1   1   0   0   1   1   1   1 Kunitz-type serine protease inhibitor Bt-KTI OS=Bombus terrestris OX=30195 PE=3 SV=1
sp|P68425|VKT1A_CYRSC    -          structure_based      -            3.9e-22   71.1   8.1   4.5e-22   70.9   8.1   1.1   1   0   0   1   1   1   1 Kunitz-type kappaPI-theraphotoxin-Hs1a OS=Cyriopagopus schmidti OX=29017 PE=1 SV=2
sp|P16044|IBPI_TACTR     -          structure_based      -            4.1e-22   71.1   7.7   4.7e-22   70.9   7.7   1.0   1   0   0   1   1   1   1 Proteinase inhibitor OS=Tachypleus tridentatus OX=6853 PE=1 SV=1
sp|P26227|HTIB_MANSE     -          structure_based      -            1.4e-21   69.4   2.9   1.5e-21   69.3   2.9   1.0   1   0   0   1   1   1   1 Hemolymph trypsin inhibitor B (Fragment) OS=Manduca sexta OX=7130 PE=1 SV=1
sp|Q4KUS1|WFDC8_MOUSE    -          structure_based      -            1.6e-21   69.1   5.5   1.6e-21   69.1   5.5   2.6   2   0   0   2   2   1   1 WAP four-disulfide core domain protein 8 OS=Mus musculus OX=10090 GN=Wfdc8 PE=2 SV=1
sp|Q589G4|VKT19_ANOSM    -          structure_based      -            2.6e-21   68.5   2.5   2.8e-21   68.4   2.5   1.0   1   0   0   1   1   1   1 Kunitz-type serine protease inhibitor As-fr-19 OS=Anoplius samariensis OX=200614 PE=1 SV=1
sp|P0DJ47|VKT12_OLIMR    -          structure_based      -            1.2e-20   66.4  11.8   1.3e-20   66.2  11.8   1.0   1   0   0   1   1   1   1 Kunitz-type serine protease inhibitor BmKTT-3 OS=Olivierus martensii OX=34649 PE=3 SV=1
sp|Q1RPS9|VKTH5_BUNMU    -          structure_based      -            1.3e-20   66.2  11.2   1.6e-20   66.0  11.2   1.1   1   0   0   1   1   1   1 Kunitz-type serine protease inhibitor homolog beta-bungarotoxin B5 chain OS=Bungarus multicinctus OX=8616 PE=3 SV=1
sp|P10832|ISC2_BOMMO     -          structure_based      -            2.3e-20   65.4   8.1   2.5e-20   65.3   8.1   1.1   1   0   0   1   1   1   1 Chymotrypsin inhibitor SCI-II OS=Bombyx mori OX=7091 PE=1 SV=1
sp|Q9EPX2|PPN_MOUSE      -          structure_based      -            3.3e-20   65.0   5.9   1.3e-19   63.0   5.9   2.1   1   0   0   1   1   1   1 Papilin OS=Mus musculus OX=10090 GN=Papln PE=2 SV=2
sp|H2A0N9|KCP4_PINMG     -          structure_based      -            6.2e-20   64.1  12.3   6.2e-20   64.1  12.3   2.3   2   0   0   2   2   1   1 BPTI/Kunitz domain-containing protein 4 OS=Margaritifera margaritifera OX=102329 PE=1 SV=1
sp|D2Y2Q6|VKTO1_CYRHA    -          structure_based      -            3.4e-19   61.7   4.7     4e-19   61.5   4.7   1.1   1   0   0   1   1   1   1 Kunitz-type U15-theraphotoxin-Hhn1o OS=Cyriopagopus hainanus OX=2781057 PE=3 SV=1
sp|P00987|VKTH1_BUNMU    -          structure_based      -            5.3e-19   61.1   9.1   6.3e-19   60.8   9.1   1.1   1   0   0   1   1   1   1 Kunitz-type serine protease inhibitor homolog beta-bungarotoxin B1 chain, major component OS=Bungarus multicinctus OX=8616 PE=1 SV=2
sp|P0DJ69|VKT52_CYRHA    -          structure_based      -            9.2e-19   60.3   5.1   1.1e-18   60.0   5.1   1.0   1   0   0   1   1   1   1 Kunitz-type serine protease inhibitor HNTX-852 (Fragment) OS=Cyriopagopus hainanus OX=2781057 PE=2 SV=1
sp|B4ESA2|VKT1L_BUNMU    -          structure_based      -            6.5e-18   57.6   6.3   7.2e-18   57.5   6.3   1.0   1   0   0   1   1   1   1 Kunitz-type serine protease inhibitor PILP-1 OS=Bungarus multicinctus OX=8616 PE=3 SV=1
sp|Q63870|CO7A1_MOUSE    -          structure_based      -            7.5e-18   57.4   1.3   1.3e-17   56.6   1.3   1.3   1   0   0   1   1   1   1 Collagen alpha-1(VII) chain OS=Mus musculus OX=10090 GN=Col7a1 PE=1 SV=3
sp|C0HLB0|MAMB9_DENVI    -          structure_based      -            2.5e-17   55.8   9.3   2.7e-17   55.6   9.3   1.0   1   0   0   1   1   1   1 Mambaquaretin-9 OS=Dendroaspis viridis OX=8621 PE=1 SV=1
sp|Q8MVC4|TFPIL_IXOSC    -          structure_based      -            5.9e-17   54.5  36.9     1e-07   24.9   1.8   6.3   4   1   2   6   6   6   3 Penthalaris OS=Ixodes scapularis OX=6945 PE=1 SV=1
sp|Q2UY09|COSA1_HUMAN    -          structure_based      -            1.1e-16   53.6   6.8   2.5e-16   52.5   6.8   1.6   1   0   0   1   1   1   1 Collagen alpha-1(XXVIII) chain OS=Homo sapiens OX=9606 GN=COL28A1 PE=1 SV=2
sp|Q6UDR6|SPIT4_HUMAN    -          structure_based      -            1.1e-16   53.6   5.1   1.7e-16   53.1   5.1   1.3   1   0   0   1   1   1   1 Kunitz-type protease inhibitor 4 OS=Homo sapiens OX=9606 GN=SPINT4 PE=1 SV=1
sp|I6VXS1|KUN2_RHIHE     -          structure_based      -            4.9e-15   48.4  10.1   2.6e-14   46.1   9.3   2.4   2   0   0   2   2   2   1 Anticoagulant protein rhipilin-2 OS=Rhipicephalus haemaphysaloides OX=237073 PE=2 SV=1
sp|Q2ES49|VKT2_DABRR     -          structure_based      -            2.4e-13   42.9   7.3   2.9e-13   42.7   7.3   1.1   1   0   0   1   1   1   1 Kunitz-type serine protease inhibitor 2 OS=Daboia russelii OX=8707 PE=2 SV=1
sp|P0CAR0|VKTG1_MICPY    -          structure_based      -            4.9e-12   38.8   1.3     5e-12   38.7   1.3   1.0   1   0   0   1   1   1   1 Kunitz-type serine protease inhibitor G1 (Fragment) OS=Micrurus pyrrhocryptus OX=129468 PE=1 SV=1
sp|D9IFL3|KUN1_RHIHE     -          structure_based      -            4.4e-11   35.7   4.8   8.2e-11   34.9   4.8   1.5   1   0   0   1   1   1   1 Anticoagulant protein rhipilin-1 OS=Rhipicephalus haemaphysaloides OX=237073 PE=2 SV=1
sp|Q9BQY6|WFDC6_HUMAN    -          structure_based      -            5.1e-11   35.5   2.6   5.1e-11   35.5   2.6   1.8   2   0   0   2   2   1   1 WAP four-disulfide core domain protein 6 OS=Homo sapiens OX=9606 GN=WFDC6 PE=1 SV=1
sp|P86963|KCP2_PINMA     -          structure_based      -            1.2e-08   27.9   9.7   1.2e-08   27.9   9.7   3.9   3   1   1   4   4   2   1 BPTI/Kunitz domain-containing protein 2 OS=Pinctada maxima OX=104660 PE=1 SV=1
sp|A0A1Q1NL17|HA11_HYAAI -          structure_based      -            1.9e-05   17.7   6.0     6e-05   16.1   6.0   1.7   1   1   0   1   1   1   1 Kunitz-type anticoagulant protein HA11 OS=Hyalomma asiaticum OX=266040 GN=HA11 PE=2 SV=1
sp|O62247|BLI5_CAEEL     -          structure_based      -            1.9e-05   17.7   0.6   5.4e-05   16.2   0.6   1.9   1   0   0   1   1   1   1 Kunitz-type protein bli-5 OS=Caenorhabditis elegans OX=6239 GN=bli-5 PE=1 SV=1
#
# Program:         hmmsearch
# Version:         3.4 (Aug 2023)
# Pipeline mode:   SEARCH
# Query file:      Data/Processed/structure_based.hmm
# Target file:     Data/Processed/pos_2.fasta
# Option settings: hmmsearch --tblout Data/Processed/struct_pos_2.out --noali -E 10 --cpu 4 Data/Processed/structure_based.hmm Data/Processed/pos_2.fasta 
# Current dir:     /Users/negin/Downloads
# Date:            Sat Apr 18 02:06:04 2026
# [ok]
