#                                                                --- full sequence ---- --- best 1 domain ---- --- domain number estimation ----
# target name         accession  query name           accession    E-value  score  bias   E-value  score  bias   exp reg clu  ov env dom rep inc description of target
# ------------------- ---------- -------------------- ---------- --------- ------ ----- --------- ------ -----   --- --- --- --- --- --- --- --- ---------------------
sp|P0DJ63|VKT_OXYMI   -          structure_based      -             0.0085   20.2   0.2    0.0085   20.2   0.2   1.0   1   0   0   1   1   1   1 Kunitz-type serine protease inhibitor OMI (Fragment) OS=Oxyuranus microlepidotus OX=111177 PE=1 SV=1
sp|Q09JW4|KUNP1_ARGMO -          structure_based      -              0.018   19.1   2.9     0.022   18.9   2.4   1.4   1   1   0   1   1   1   0 Monogrin 1 OS=Argas monolakensis OX=34602 GN=AM-30A PE=1 SV=1
sp|P83605|BMTI4_RHIMP -          structure_based      -              0.041   18.0   0.4     0.041   18.0   0.4   1.0   1   0   0   1   1   1   0 Kunitz-type serine protease inhibitor 4 (Fragment) OS=Rhipicephalus microplus OX=6941 PE=1 SV=1
sp|P85040|VKTC9_DABSI -          structure_based      -                0.3   15.3   0.2       0.3   15.3   0.2   1.0   1   0   0   1   1   1   0 Kunitz-type serine protease inhibitor C9 (Fragment) OS=Daboia siamensis OX=343250 PE=1 SV=1
sp|P84556|TIS5_RHISA  -          structure_based      -               0.42   14.8   0.1      0.46   14.6   0.1   1.1   1   0   0   1   1   1   0 Kunitz-type serine protease inhibitor RsTIS5 (Fragment) OS=Rhipicephalus sanguineus OX=34632 PE=1 SV=1
sp|C5H8E7|TICK1_RHIAP -          structure_based      -               0.42   14.8   3.3      0.42   14.8   3.3   1.7   1   1   1   2   2   2   0 R.appendiculatus Kunitz/BPTI-like protein OS=Rhipicephalus appendiculatus OX=34631 PE=1 SV=1
sp|Q03137|EPHA4_MOUSE -          structure_based      -               0.63   14.2   0.9       2.3   12.4   0.1   2.2   2   0   0   2   2   2   0 Ephrin type-A receptor 4 OS=Mus musculus OX=10090 GN=Epha4 PE=1 SV=2
sp|P0DM47|VKT_MICAT   -          structure_based      -               0.67   14.1   0.4      0.67   14.1   0.4   1.0   1   0   0   1   1   1   0 Protease inhibitor (Fragment) OS=Micrurus altirostris OX=129457 PE=1 SV=1
sp|P0DV02|VKT2L_RADCR -          structure_based      -               0.74   14.0   0.1      0.74   14.0   0.1   1.0   1   0   0   1   1   1   0 PI-stichotoxin-Hcr2l (Fragment) OS=Radianthus crispa OX=3122430 PE=1 SV=1
sp|Q07496|EPHA4_CHICK -          structure_based      -                0.9   13.7   1.0       2.3   12.4   0.1   2.1   2   0   0   2   2   2   0 Ephrin type-A receptor 4 OS=Gallus gallus OX=9031 GN=EPHA4 PE=1 SV=2
sp|Q8CBF3|EPHB1_MOUSE -          structure_based      -                  1   13.6   0.0       2.7   12.2   0.0   1.6   1   0   0   1   1   1   0 Ephrin type-B receptor 1 OS=Mus musculus OX=10090 GN=Ephb1 PE=1 SV=1
sp|A9BDY6|PSAE_PROM4  -          structure_based      -                4.6   11.4   1.8        34    8.7   0.9   2.0   2   0   0   2   2   2   0 Photosystem I reaction center subunit IV OS=Prochlorococcus marinus (strain MIT 9211) OX=93059 GN=psaE PE=3 SV=1
sp|Q09873|WDR21_SCHPO -          structure_based      -                5.4   11.2   4.5        30    8.8   0.0   2.9   3   0   0   3   3   3   0 WD repeat-containing protein 21 OS=Schizosaccharomyces pombe (strain 972 / ATCC 24843) OX=284812 GN=wdr21 PE=1 SV=1
#
# Program:         hmmsearch
# Version:         3.4 (Aug 2023)
# Pipeline mode:   SEARCH
# Query file:      Data/Processed/structure_based.hmm
# Target file:     Data/Processed/neg_1.fasta
# Option settings: hmmsearch --tblout Data/Processed/struct_neg_1.out --noali -E 10 --cpu 4 Data/Processed/structure_based.hmm Data/Processed/neg_1.fasta 
# Current dir:     /Users/negin/Downloads
# Date:            Sat Apr 18 02:06:05 2026
# [ok]
