#                                                                   --- full sequence ---- --- best 1 domain ---- --- domain number estimation ----
# target name            accession  query name           accession    E-value  score  bias   E-value  score  bias   exp reg clu  ov env dom rep inc description of target
#    ------------------- ---------- -------------------- ---------- --------- ------ ----- --------- ------ -----   --- --- --- --- --- --- --- --- ---------------------
sp|P84555|TIQ7_RHISA     -          structure_based      -             0.0011   23.0   0.1    0.0012   23.0   0.1   1.1   1   0   0   1   1   1   1 Kunitz-type serine protease inhibitor RsTIQ7 (Fragment) OS=Rhipicephalus sanguineus OX=34632 PE=1 SV=1
sp|Q09JW3|KUNP2_ARGMO    -          structure_based      -               0.02   19.0   1.6     0.032   18.3   1.6   1.4   1   0   0   1   1   1   0 Monogrin 2 OS=Argas monolakensis OX=34602 GN=AM-30B PE=1 SV=1
sp|P85039|VKTC8_DABSI    -          structure_based      -              0.022   18.9   0.1     0.022   18.9   0.1   1.0   1   0   0   1   1   1   0 Kunitz-type serine protease inhibitor C8 (Fragment) OS=Daboia siamensis OX=343250 PE=1 SV=1
sp|P54764|EPHA4_HUMAN    -          structure_based      -               0.56   14.4   0.9       2.3   12.4   0.1   2.3   2   0   0   2   2   2   0 Ephrin type-A receptor 4 OS=Homo sapiens OX=9606 GN=EPHA4 PE=1 SV=1
sp|Q91736|EPB1B_XENLA    -          structure_based      -               0.84   13.8   0.1       2.1   12.5   0.1   1.6   1   0   0   1   1   1   0 Ephrin type-B receptor 1-B (Fragment) OS=Xenopus laevis OX=8355 GN=ephb1-b PE=1 SV=1
sp|Q91571|EPB1A_XENLA    -          structure_based      -               0.87   13.8   0.1       2.2   12.5   0.1   1.6   1   0   0   1   1   1   0 Ephrin type-B receptor 1-A OS=Xenopus laevis OX=8355 GN=ephb1-a PE=1 SV=1
sp|A0A0H2WWB5|MENC_STAAC -          structure_based      -               0.91   13.7   0.1       1.8   12.8   0.1   1.4   1   0   0   1   1   1   0 o-succinylbenzoate synthase OS=Staphylococcus aureus (strain COL) OX=93062 GN=menC PE=1 SV=1
sp|P54762|EPHB1_HUMAN    -          structure_based      -                  1   13.6   0.0       2.7   12.2   0.0   1.6   1   0   0   1   1   1   0 Ephrin type-B receptor 1 OS=Homo sapiens OX=9606 GN=EPHB1 PE=1 SV=1
sp|W6HZ31|IRSPI_IXORI    -          structure_based      -                1.1   13.5   5.3       1.6   12.9   5.3   1.4   1   0   0   1   1   1   0 Kunitz-type serine protease inhibitor IrSPI OS=Ixodes ricinus OX=34613 GN=SPI PE=1 SV=2
sp|P0C2A2|TXBA_ANDCR     -          structure_based      -                1.8   12.8   2.6       2.1   12.5   2.6   1.2   1   0   0   1   1   1   0 Toxin b subunit alpha (Fragment) OS=Androctonus crassicauda OX=122909 PE=1 SV=1
sp|P0DV07|VT2K_RADCR     -          structure_based      -                2.1   12.5   0.1       2.1   12.5   0.1   1.0   1   0   0   1   1   1   0 PI-stichotoxin-Hcr2k (Fragment) OS=Radianthus crispa OX=3122430 PE=1 SV=1
#
# Program:         hmmsearch
# Version:         3.4 (Aug 2023)
# Pipeline mode:   SEARCH
# Query file:      Data/Processed/structure_based.hmm
# Target file:     Data/Processed/neg_2.fasta
# Option settings: hmmsearch --tblout Data/Processed/struct_neg_2.out --noali -E 10 --cpu 4 Data/Processed/structure_based.hmm Data/Processed/neg_2.fasta 
# Current dir:     /Users/negin/Downloads
# Date:            Sat Apr 18 02:06:06 2026
# [ok]
